
... run started 2023-10-31 08:02:09 PDT ...
 dir_wd = C:/users/selene.fregosi/documents/github/cruise-maps-live 
Processing data for 2 vessel(s).
 --- OES2303 Leg 4 ---
 Setting up Google Drive paths...
Auto-refreshing stale OAuth token.
 Processing 1 new das files:
 -> DASALL.A30 
Reading DAS file
Processing DAS file
Checking DAS file
There were 1 on effort events with NA Lat/Lon/DateTime values that will ignored during segment chopping
   saved newEffortTracks_OES2303_leg4_DASALL.A30_ran2023-10-31.Rda 
   saved compiledEffortTracks_OES2303.Rda and as .csv
   saved effortTracks_OES2303_leg4_DASALL.A30.gpx 
   saved compiledEffortTracks_OES2303.gpx 
   saved newEffortPoints_OES2303_leg4_DASALL.A30_ran2023-10-31.Rda 
   saved compiledEffortPoints_OES2303.Rda and as .csv
   saved newSightings_OES2303_leg4_DASALL.A30_ran2023-10-31.Rda 
   saved compiledSightings_OES2303.Rda and as .csv
 No new acoustic file to process. 
 --- LSK2401 Leg 1 ---
 Setting up Google Drive paths...
 No new das or acoustic files to process. Exiting.
 --- Combining vessels: OES2303_LSK2401 ---
   saved combined compiled effort points, tracks, and sightings
   saved compiledEffortTracks_OES2303_LSK2401_combined.gpx 
 Updating summary table:
   saved summaryTable.Rda 
   saved summaryTable.png 
   saved summaryTable_OES2303_leg4_LSK2401_leg1_ran2023-10-31.png 
 Generating latest map of visual sightings:
Please note that 'maptools' will be retired during October 2023,
plan transition at your earliest convenience (see
https://r-spatial.org/r/2023/05/15/evolution4.html and earlier blogs
for guidance);some functionality will be moved to 'sp'.
 Checking rgeos availability: FALSE
   saved dailyMap_visuals as .png and .pdf
   saved summaryTable_OES2303_leg4_LSK2401_leg1_ran2023-10-31.png and as .csv
   saved dailyMap_visuals_CL as .png and .pdf
   saved dailyMap_visuals_OES2303_leg4_LSK2401_leg1_ran2023-10-31 as .png and .pdf
 No new acoustic file, skipping acoustic detections map...
...run complete 2023-10-31 08:03:30 PDT ...
