
... run started 2023-11-03 08:02:11 PDT ...
 dir_wd = C:/users/selene.fregosi/documents/github/cruise-maps-live 
Processing data for 2 vessel(s).
 --- OES2303 Leg 4 ---
 Setting up Google Drive paths...
Auto-refreshing stale OAuth token.
 No new das or acoustic files to process. Exiting.
 --- LSK2401 Leg 1 ---
 Setting up Google Drive paths...
 Processing 2 new das files:
 -> DASALL.B01 
Reading DAS file
Processing DAS file
Checking DAS file
   saved newEffortTracks_LSK2401_leg1_DASALL.B01_ran2023-11-03.Rda 
   saved compiledEffortTracks_LSK2401.Rda and as .csv
   saved effortTracks_LSK2401_leg1_DASALL.B01.gpx 
   saved compiledEffortTracks_LSK2401.gpx 
   saved newEffortPoints_LSK2401_leg1_DASALL.B01_ran2023-11-03.Rda 
   saved compiledEffortPoints_LSK2401.Rda and as .csv
   saved newSightings_LSK2401_leg1_DASALL.B01_ran2023-11-03.Rda 
   saved compiledSightings_LSK2401.Rda and as .csv
 -> DASALL.B02 
Reading DAS file
Processing DAS file
Checking DAS file
   saved newEffortTracks_LSK2401_leg1_DASALL.B02_ran2023-11-03.Rda 
   saved compiledEffortTracks_LSK2401.Rda and as .csv
   saved effortTracks_LSK2401_leg1_DASALL.B02.gpx 
   saved compiledEffortTracks_LSK2401.gpx 
   saved newEffortPoints_LSK2401_leg1_DASALL.B02_ran2023-11-03.Rda 
   saved compiledEffortPoints_LSK2401.Rda and as .csv
   saved newSightings_LSK2401_leg1_DASALL.B02_ran2023-11-03.Rda 
   saved compiledSightings_LSK2401.Rda and as .csv
 No new acoustic file to process. 
 --- Combining vessels: OES2303_LSK2401 ---
   saved combined compiled effort points, tracks, and sightings
   saved compiledEffortTracks_OES2303_LSK2401_combined.gpx 
 Updating summary table:
Error in eval(ei, envir) : object 'tzKeyFile' not found
Calls: source ... eval -> eval -> makeSummaryTable -> read.csv -> read.table
In addition: Warning messages:
1: package 'raster' was built under R version 4.3.1 
2: package 'sp' was built under R version 4.3.1 
3: package 'tidyverse' was built under R version 4.3.1 
4: package 'ggplot2' was built under R version 4.3.1 
5: package 'purrr' was built under R version 4.3.1 
6: package 'dplyr' was built under R version 4.3.1 
7: package 'forcats' was built under R version 4.3.1 
8: package 'lubridate' was built under R version 4.3.1 
Execution halted
