
... run started 2023-10-27 08:02:09 PDT ...
 dir_wd = C:/users/selene.fregosi/documents/github/cruise-maps-live 
Processing data for 2 vessel(s).
 --- OES2303 Leg 4 ---
 Setting up Google Drive paths...
Auto-refreshing stale OAuth token.
 Processing 1 new das files:
 -> DASALL.A26 
Reading DAS file
Processing DAS file
Error in das_process.das_dfr(x) : 
  To be processed, the Event column must not contain any NAs. Should you use the 'skip' argument in das_read? The following contain NA Event entries:
File: DASALL.A26 | Line number: 215
Calls: source ... withVisible -> eval -> eval -> <Anonymous> -> %>% -> left_join
In addition: Warning messages:
1: package 'raster' was built under R version 4.3.1 
2: package 'sp' was built under R version 4.3.1 
3: package 'tidyverse' was built under R version 4.3.1 
4: package 'ggplot2' was built under R version 4.3.1 
5: package 'purrr' was built under R version 4.3.1 
6: package 'dplyr' was built under R version 4.3.1 
7: package 'forcats' was built under R version 4.3.1 
8: package 'lubridate' was built under R version 4.3.1 
Execution halted

... run started 2023-10-27 08:14:07 PDT ...
 dir_wd = C:/users/selene.fregosi/documents/github/cruise-maps-live 
Processing data for 2 vessel(s).
 --- OES2303 Leg 4 ---
 Setting up Google Drive paths...
 Processing 2 new das files:
 -> DASALL.A26 
Reading DAS file
Processing DAS file
Checking DAS file
   saved newEffortTracks_OES2303_leg4_DASALL.A26_ran2023-10-27.Rda 
   saved compiledEffortTracks_OES2303.Rda and as .csv
   saved effortTracks_OES2303_leg4_DASALL.A26.gpx 
   saved compiledEffortTracks_OES2303.gpx 
   saved newEffortPoints_OES2303_leg4_DASALL.A26_ran2023-10-27.Rda 
   saved compiledEffortPoints_OES2303.Rda and as .csv
   saved newSightings_OES2303_leg4_DASALL.A26_ran2023-10-27.Rda 
   saved compiledSightings_OES2303.Rda and as .csv
 -> DASALL.A26_original 
Reading DAS file
Processing DAS file
Error in das_process.das_dfr(x) : 
  To be processed, the Event column must not contain any NAs. Should you use the 'skip' argument in das_read? The following contain NA Event entries:
File: DASALL.A26_original | Line number: 215
Calls: source ... withVisible -> eval -> eval -> <Anonymous> -> %>% -> left_join
In addition: Warning messages:
1: package 'raster' was built under R version 4.3.1 
2: package 'sp' was built under R version 4.3.1 
3: package 'tidyverse' was built under R version 4.3.1 
4: package 'ggplot2' was built under R version 4.3.1 
5: package 'purrr' was built under R version 4.3.1 
6: package 'dplyr' was built under R version 4.3.1 
7: package 'forcats' was built under R version 4.3.1 
8: package 'lubridate' was built under R version 4.3.1 
Execution halted

... run started 2023-10-27 08:17:52 PDT ...
 dir_wd = C:/users/selene.fregosi/documents/github/cruise-maps-live 
Processing data for 2 vessel(s).
 --- OES2303 Leg 4 ---
 Setting up Google Drive paths...
 Processing 1 new das files:
 -> DASALL.A26 
Reading DAS file
Processing DAS file
Checking DAS file
   saved newEffortTracks_OES2303_leg4_DASALL.A26_ran2023-10-27.Rda 
   saved compiledEffortTracks_OES2303.Rda and as .csv
   saved effortTracks_OES2303_leg4_DASALL.A26.gpx 
   saved compiledEffortTracks_OES2303.gpx 
   saved newEffortPoints_OES2303_leg4_DASALL.A26_ran2023-10-27.Rda 
   saved compiledEffortPoints_OES2303.Rda and as .csv
   saved newSightings_OES2303_leg4_DASALL.A26_ran2023-10-27.Rda 
   saved compiledSightings_OES2303.Rda and as .csv
 No new acoustic file to process.
 --- LSK2401 Leg 1 ---
 Setting up Google Drive paths...
 Processing 1 new das files:
 -> DASALL.A26 
Reading DAS file
Processing DAS file
Checking DAS file
   saved newEffortTracks_LSK2401_leg1_DASALL.A26_ran2023-10-27.Rda 
   saved compiledEffortTracks_LSK2401.Rda and as .csv
   saved effortTracks_LSK2401_leg1_DASALL.A26.gpx 
   saved compiledEffortTracks_LSK2401.gpx 
   saved newEffortPoints_LSK2401_leg1_DASALL.A26_ran2023-10-27.Rda 
   saved compiledEffortPoints_LSK2401.Rda and as .csv
   saved newSightings_LSK2401_leg1_DASALL.A26_ran2023-10-27.Rda 
   saved compiledSightings_LSK2401.Rda and as .csv
 Processing updated acoustic database.
   saved acousticDetections_LSK2401_leg1_ran2023-10-27.Rda 
   saved compiledDetections_LSK2401.Rda and as .csv
 Saved combined compiled effort points, tracks, sightings, and detections
   saved compiledEffortTracks_OES2303_LSK2401_combined.gpx 
 Updating summary table:
   saved summaryTable.Rda 
   saved summaryTable.png 
   saved summaryTable_OES2303_leg4_LSK2401_leg1_ran2023-10-27.png 
 Generating latest map of visual sightings:
Please note that 'maptools' will be retired during October 2023,
plan transition at your earliest convenience (see
https://r-spatial.org/r/2023/05/15/evolution4.html and earlier blogs
for guidance);some functionality will be moved to 'sp'.
 Checking rgeos availability: FALSE
   saved dailyMap_visuals as .png and .pdf
   saved summaryTable_OES2303_leg4_LSK2401_leg1_ran2023-10-27.png and as .csv
   saved dailyMap_visuals_CL as .png and .pdf
   saved dailyMap_visuals_OES2303_leg4_LSK2401_leg1_ran2023-10-27 as .png and .pdf
 Generating latest map of acoustic detections:
   saved dailyMap_acoustics as .png and .pdf
   saved dailyMap_acoustics_OES2303_leg4_LSK2401_leg1_ran2023-10-27 as .png and .pdf
...run complete 2023-10-27 08:20:26 PDT ...

... run started 2023-10-27 08:37:52 PDT ...
 dir_wd = C:/users/selene.fregosi/documents/github/cruise-maps-live 
Processing data for 2 vessel(s).
 --- OES2303 Leg 4 ---
 Setting up Google Drive paths...
 Processing 1 new das files:
 -> DASALL.A26 
Reading DAS file
Processing DAS file
Checking DAS file
   saved newEffortTracks_OES2303_leg4_DASALL.A26_ran2023-10-27.Rda 
   saved compiledEffortTracks_OES2303.Rda and as .csv
   saved effortTracks_OES2303_leg4_DASALL.A26.gpx 
   saved compiledEffortTracks_OES2303.gpx 
   saved newEffortPoints_OES2303_leg4_DASALL.A26_ran2023-10-27.Rda 
   saved compiledEffortPoints_OES2303.Rda and as .csv
   saved newSightings_OES2303_leg4_DASALL.A26_ran2023-10-27.Rda 
   saved compiledSightings_OES2303.Rda and as .csv
 No new acoustic file to process.
 --- LSK2401 Leg 1 ---
 Setting up Google Drive paths...
 Processing 1 new das files:
 -> DASALL.A26 
Reading DAS file
Processing DAS file
Checking DAS file
   saved newEffortTracks_LSK2401_leg1_DASALL.A26_ran2023-10-27.Rda 
   saved compiledEffortTracks_LSK2401.Rda and as .csv
   saved effortTracks_LSK2401_leg1_DASALL.A26.gpx 
   saved compiledEffortTracks_LSK2401.gpx 
   saved newEffortPoints_LSK2401_leg1_DASALL.A26_ran2023-10-27.Rda 
   saved compiledEffortPoints_LSK2401.Rda and as .csv
   saved newSightings_LSK2401_leg1_DASALL.A26_ran2023-10-27.Rda 
   saved compiledSightings_LSK2401.Rda and as .csv
 Processing updated acoustic database.
   saved acousticDetections_LSK2401_leg1_ran2023-10-27.Rda 
   saved compiledDetections_LSK2401.Rda and as .csv
[1] TRUE TRUE
[1] FALSE  TRUE
[1] TRUE
[1] FALSE
[1] FALSE
[1] TRUE
[1] 2
[1] TRUE
[1] FALSE
[1] TRUE
[1] 1
[1] 1
[1] "compiledDetections_OES2303.Rda"
[1] TRUE
[1] TRUE

... run started 2023-10-27 09:12:35 PDT ...
 dir_wd = C:/users/selene.fregosi/documents/github/cruise-maps-live 
Processing data for 2 vessel(s).
Processing data for 2 vessel(s).
 --- OES2303 Leg 4 ---
 Setting up Google Drive paths...
Auto-refreshing stale OAuth token.
 Processing 1 new das files:
 -> DASALL.A26 
Reading DAS file
Processing DAS file
Checking DAS file
   saved newEffortTracks_OES2303_leg4_DASALL.A26_ran2023-10-27.Rda 
   saved compiledEffortTracks_OES2303.Rda and as .csv
   saved effortTracks_OES2303_leg4_DASALL.A26.gpx 
   saved compiledEffortTracks_OES2303.gpx 
   saved newEffortPoints_OES2303_leg4_DASALL.A26_ran2023-10-27.Rda 
   saved compiledEffortPoints_OES2303.Rda and as .csv
   saved newSightings_OES2303_leg4_DASALL.A26_ran2023-10-27.Rda 
   saved compiledSightings_OES2303.Rda and as .csv
 No new acoustic file to process. Loading previous.
 --- LSK2401 Leg 1 ---
 Setting up Google Drive paths...
 Processing 1 new das files:
 -> DASALL.A26 
Reading DAS file
Processing DAS file
Checking DAS file
   saved newEffortTracks_LSK2401_leg1_DASALL.A26_ran2023-10-27.Rda 
   saved compiledEffortTracks_LSK2401.Rda and as .csv
   saved effortTracks_LSK2401_leg1_DASALL.A26.gpx 
   saved compiledEffortTracks_LSK2401.gpx 
   saved newEffortPoints_LSK2401_leg1_DASALL.A26_ran2023-10-27.Rda 
   saved compiledEffortPoints_LSK2401.Rda and as .csv
   saved newSightings_LSK2401_leg1_DASALL.A26_ran2023-10-27.Rda 
   saved compiledSightings_LSK2401.Rda and as .csv
 Processing updated acoustic database.
   saved acousticDetections_LSK2401_leg1_ran2023-10-27.Rda 
   saved compiledDetections_LSK2401.Rda and as .csv
[1] TRUE
[1] TRUE
[1] TRUE
[1] TRUE
Error in readChar(con, 5L, useBytes = TRUE) : cannot open the connection
In addition: Warning message:
In readChar(con, 5L, useBytes = TRUE) :
  cannot open compressed file 'C:/users/selene.fregosi/documents/github/cruise-maps-live/data/LSK2401/compiledDetections_OES2303.Rda', probable reason 'No such file or directory'
 Saved combined compiled effort points, tracks, sightings, and detections
Error in readChar(con, 5L, useBytes = TRUE) : cannot open the connection
In addition: Warning message:
In readChar(con, 5L, useBytes = TRUE) :
  cannot open compressed file 'C:/users/selene.fregosi/documents/github/cruise-maps-live/data/LSK2401/compiledDetections_OES2303.Rda', probable reason 'No such file or directory'
 Updating summary table:
   saved summaryTable.Rda 
   saved summaryTable.png 
   saved summaryTable_OES2303_leg4_LSK2401_leg1_ran2023-10-27.png 
Error in if (newDas == TRUE) { : the condition has length > 1
[1] TRUE
[1] FALSE
 Updating summary table:
   saved summaryTable.Rda 
   saved summaryTable.png 
   saved summaryTable_OES2303_leg4_LSK2401_leg1_ran2023-10-27.png 
    ship     leg days       dist spVis spPam
1  Sette , Leg 1    6   958.6625     7    18
2  Sette , Leg 2   28  4819.1869    88   122
3  Sette , Leg 3   25  4044.6288    52    86
4  Sette , Leg 4   15  2356.8287    39     0
5  Sette , Leg 5   NA         NA    NA    NA
6 Lasker , Leg 1    2   410.3028     7    70
7 Lasker , Leg 2   NA         NA    NA    NA
8          Total   76 12589.6097   193   296
    ship     leg days dist spVis spPam
1  Sette , Leg 1    0    0     0     0
2  Sette , Leg 2    0    0     0     0
3  Sette , Leg 3    0    0     0     0
4  Sette , Leg 4    0    0     0     0
5  Sette , Leg 5    0    0     0     0
6 Lasker , Leg 1    0    0     0     0
7 Lasker , Leg 2    0    0     0     0
8          Total    0    0     0     0
    ship     leg days dist spVis spPam
1  Sette , Leg 1   NA   NA    NA    NA
2  Sette , Leg 2   NA   NA    NA    NA
3  Sette , Leg 3   NA   NA    NA    NA
4  Sette , Leg 4   NA   NA    NA    NA
5  Sette , Leg 5   NA   NA    NA    NA
6 Lasker , Leg 1   NA   NA    NA    NA
7 Lasker , Leg 2   NA   NA    NA    NA
8          Total   NA   NA    NA    NA
    ship     leg days     dist spVis spPam
1  Sette , Leg 1   NA       NA    NA    NA
2  Sette , Leg 2   NA       NA    NA    NA
3  Sette , Leg 3   NA       NA    NA    NA
4  Sette , Leg 4    0   0.0000     0     0
5  Sette , Leg 5   NA       NA    NA    NA
6 Lasker , Leg 1    2 410.3028     7    35
7 Lasker , Leg 2   NA       NA    NA    NA
8          Total   NA       NA    NA    NA
    ship     leg days      dist spVis spPam
1  Sette , Leg 1   NA        NA    NA    NA
2  Sette , Leg 2   NA        NA    NA    NA
3  Sette , Leg 3   NA        NA    NA    NA
4  Sette , Leg 4   15 2356.8287    39     0
5  Sette , Leg 5   NA        NA    NA    NA
6 Lasker , Leg 1    2  410.3028     7    70
7 Lasker , Leg 2   NA        NA    NA    NA
8          Total   NA        NA    NA    NA
