
... run started 2023-10-30 08:02:09 PDT ...
 dir_wd = C:/users/selene.fregosi/documents/github/cruise-maps-live 
Processing data for 2 vessel(s).
 --- OES2303 Leg 4 ---
 Setting up Google Drive paths...
Auto-refreshing stale OAuth token.
 Processing 1 new das files:
 -> DASALL.A29 
Reading DAS file
Processing DAS file
Checking DAS file
   saved newEffortTracks_OES2303_leg4_DASALL.A29_ran2023-10-30.Rda 
   saved compiledEffortTracks_OES2303.Rda and as .csv
   saved effortTracks_OES2303_leg4_DASALL.A29.gpx 
   saved compiledEffortTracks_OES2303.gpx 
   saved newEffortPoints_OES2303_leg4_DASALL.A29_ran2023-10-30.Rda 
   saved compiledEffortPoints_OES2303.Rda and as .csv
   saved newSightings_OES2303_leg4_DASALL.A29_ran2023-10-30.Rda 
   saved compiledSightings_OES2303.Rda and as .csv
 Processing updated acoustic database.
   saved acousticDetections_OES2303_leg4_ran2023-10-30.Rda 
   saved compiledDetections_OES2303.Rda and as .csv
 --- LSK2401 Leg 1 ---
 Setting up Google Drive paths...
 No new das or acoustic files to process. Exiting.
 Saved combined compiled effort points, tracks, sightings, and detections
Error in h(simpleError(msg, call)) : 
  error in evaluating the argument 'x' in selecting a method for function 'subset': object 'etC' not found
Calls: source ... eval -> trackToGPX -> subset -> .handleSimpleError -> h
In addition: Warning messages:
1: package 'raster' was built under R version 4.3.1 
2: package 'sp' was built under R version 4.3.1 
3: package 'tidyverse' was built under R version 4.3.1 
4: package 'ggplot2' was built under R version 4.3.1 
5: package 'purrr' was built under R version 4.3.1 
6: package 'dplyr' was built under R version 4.3.1 
7: package 'forcats' was built under R version 4.3.1 
8: package 'lubridate' was built under R version 4.3.1 
9: In dtTmp$sp_map[s] <- spTmp :
  number of items to replace is not a multiple of replacement length
Execution halted

... run started 2023-10-30 08:42:51 PDT ...
 dir_wd = C:/users/selene.fregosi/documents/github/cruise-maps-live 
Processing data for 2 vessel(s).
 --- OES2303 Leg 4 ---
 Setting up Google Drive paths...
 Processing 1 new das files:
 -> DASALL.A29 
Reading DAS file
Processing DAS file
Checking DAS file
   saved newEffortTracks_OES2303_leg4_DASALL.A29_ran2023-10-30.Rda 
   saved compiledEffortTracks_OES2303.Rda and as .csv
   saved effortTracks_OES2303_leg4_DASALL.A29.gpx 
   saved compiledEffortTracks_OES2303.gpx 
   saved newEffortPoints_OES2303_leg4_DASALL.A29_ran2023-10-30.Rda 
   saved compiledEffortPoints_OES2303.Rda and as .csv
   saved newSightings_OES2303_leg4_DASALL.A29_ran2023-10-30.Rda 
   saved compiledSightings_OES2303.Rda and as .csv
 No new acoustic file to process. 
 --- LSK2401 Leg 1 ---
 Setting up Google Drive paths...
 No new das or acoustic files to process. Exiting.
 --- Combining vessels: OES2303_LSK2401 ---
 Saved combined compiled effort points, tracks, and sightings
   saved compiledEffortTracks_OES2303_LSK2401_combined.gpx 
 Updating summary table:
   saved summaryTable.Rda 
   saved summaryTable.png 
   saved summaryTable_OES2303_leg4_LSK2401_leg1_ran2023-10-30.png 
 Generating latest map of visual sightings:
Please note that 'maptools' will be retired during October 2023,
plan transition at your earliest convenience (see
https://r-spatial.org/r/2023/05/15/evolution4.html and earlier blogs
for guidance);some functionality will be moved to 'sp'.
 Checking rgeos availability: FALSE
   saved dailyMap_visuals as .png and .pdf
   saved summaryTable_OES2303_leg4_LSK2401_leg1_ran2023-10-30.png and as .csv
   saved dailyMap_visuals_CL as .png and .pdf
Warning messages:
1: In is.na(x) :
  is.na() applied to non-(list or vector) of type 'expression'
2: In is.na(x) :
  is.na() applied to non-(list or vector) of type 'expression'
3: In is.na(x) :
  is.na() applied to non-(list or vector) of type 'expression'
Warning message:
In is.na(x) : is.na() applied to non-(list or vector) of type 'expression'
Warning message:
In is.na(x) : is.na() applied to non-(list or vector) of type 'expression'
   saved dailyMap_visuals_OES2303_leg4_LSK2401_leg1_ran2023-10-30 as .png and .pdf
 No new acoustic file, skipping acoustic detections map...
...run complete 2023-10-30 09:01:09 PDT ...
