
... run started 2023-11-08 13:09:17 PST ...
 dir_wd = C:/users/selene.fregosi/documents/github/cruise-maps-live 
Processing data for 2 vessel(s).
 --- OES2303 Leg 4 ---
 Setting up Google Drive paths...
Auto-refreshing stale OAuth token.
 Processing 1 new das files:
 -> DASALL.B07 
Reading DAS file
Processing DAS file
Checking DAS file
   saved newEffortTracks_OES2303_leg4_DASALL.B07_ran2023-11-08.Rda 
   saved compiledEffortTracks_OES2303.Rda and as .csv
   saved effortTracks_OES2303_leg4_DASALL.B07.gpx 
   saved compiledEffortTracks_OES2303.gpx 
   saved newEffortPoints_OES2303_leg4_DASALL.B07_ran2023-11-08.Rda 
   saved compiledEffortPoints_OES2303.Rda and as .csv
   saved newSightings_OES2303_leg4_DASALL.B07_ran2023-11-08.Rda 
   saved compiledSightings_OES2303.Rda and as .csv
 No new acoustic file to process. 
 --- OES2303 Leg 4 ---
 Setting up Google Drive paths...
 No new das or acoustic files to process. Exiting.
 --- NA Leg 1 ---
 Setting up Google Drive paths...
Error in `as_parent()`:
! Parent specified via `path` is invalid:
✖ Does not exist.
Run `rlang::last_trace()` to see where the error occurred.
[1] NA
[1] TRUE
Error in `as_parent()`:
! Parent specified via `path` is invalid:
✖ Does not exist.
Run `rlang::last_trace()` to see where the error occurred.
# A dribble: 0 × 4
# ℹ 4 variables: name <chr>, path <chr>, id <drv_id>,
#   drive_resource <list>
$parent
# A dribble: 1 × 4
  name             path        id       drive_resource
  <chr>            <chr>       <drv_id> <list>        
1 cruise-maps-live cruise-map… 1okUHW9… <named list>  

$raw_pam
# A dribble: 1 × 4
  name                path     id       drive_resource
  <chr>               <chr>    <drv_id> <list>        
1 raw_acoustics_files cruise-… 1hevcdN… <named list>  

$proc
# A dribble: 1 × 4
  name                 path    id       drive_resource
  <chr>                <chr>   <drv_id> <list>        
1 processed_data_files cruise… 1S6nIzY… <named list>  

$gpx
# A dribble: 1 × 4
  name      path               id       drive_resource
  <chr>     <chr>              <drv_id> <list>        
1 gpx_files cruise-maps-live/… 1O8H8zI… <named list>  

$raw_das
# A dribble: 0 × 4
# ℹ 4 variables: name <chr>, path <chr>, id <drv_id>,
#   drive_resource <list>

$proc_shp
# A dribble: 0 × 4
# ℹ 4 variables: name <chr>, path <chr>, id <drv_id>,
#   drive_resource <list>

$snaps
# A dribble: 0 × 4
# ℹ 4 variables: name <chr>, path <chr>, id <drv_id>,
#   drive_resource <list>

$gpx_shp
# A dribble: 0 × 4
# ℹ 4 variables: name <chr>, path <chr>, id <drv_id>,
#   drive_resource <list>

[1] "C:/users/selene.fregosi/documents/github/cruise-maps-live/inputs/dir_gd_NA.rda"
[1] NA
[1] "OES2303"
The googledrive package is requesting access to your
Google account.
Enter '1' to start a new auth process or select a
pre-authorized account.
1: Send me to the browser for a new auth process.
2: selene.fregosi@noaa.gov
[1] 2
[1] "OES2303_leg4_LSK2401_leg1"
 --- LSK2401 Leg 1 ---
 Setting up Google Drive paths...
 No new das files to process. Proceeding to acoustics...
 Processing updated acoustic database.
   saved acousticDetections_LSK2401_leg1_ran2023-11-08.Rda 
   saved compiledDetections_LSK2401.Rda and as .csv
 --- Combining vessels: OES2303_LSK2401 ---
   saved combined compiled effort points, tracks, and sightings
   saved combined compiled acoustic detections
 Updating summary table:
   saved summaryTable.Rda 
   saved summaryTable.png 
   saved summaryTable_OES2303_leg4_LSK2401_leg1_ran2023-11-08.png 
 No new das files, skipping visual sightings map...
 Generating latest map of acoustic detections:
Please note that 'maptools' will be retired during October 2023,
plan transition at your earliest convenience (see
https://r-spatial.org/r/2023/05/15/evolution4.html and earlier blogs
for guidance);some functionality will be moved to 'sp'.
 Checking rgeos availability: FALSE
   saved dailyMap_acoustics as .png and .pdf
   saved dailyMap_acoustics_OES2303_leg4_LSK2401_leg1_ran2023-11-08 as .png and .pdf
Warning messages:
1: In is.na(x) :
  is.na() applied to non-(list or vector) of type 'expression'
2: In is.na(x) :
  is.na() applied to non-(list or vector) of type 'expression'
3: In is.na(x) :
  is.na() applied to non-(list or vector) of type 'expression'
4: In is.na(x) :
  is.na() applied to non-(list or vector) of type 'expression'
...run complete 2023-11-08 13:25:26 PST ...
