
... run started 2023-11-04 08:02:09 PDT ...
 dir_wd = C:/users/selene.fregosi/documents/github/cruise-maps-live 
Processing data for 2 vessel(s).
 --- OES2303 Leg 4 ---
 Setting up Google Drive paths...
Auto-refreshing stale OAuth token.
 No new das or acoustic files to process. Exiting.
 --- LSK2401 Leg 1 ---
 Setting up Google Drive paths...
 No new das files to process. Proceeding to acoustics...
 Processing updated acoustic database.
   saved acousticDetections_LSK2401_leg1_ran2023-11-04.Rda 
Error in eval(expr, p) : object 'vs' not found
Calls: source ... eval.parent -> eval -> eval -> <Anonymous> -> is.data.frame
In addition: Warning messages:
1: package 'raster' was built under R version 4.3.1 
2: package 'sp' was built under R version 4.3.1 
3: package 'tidyverse' was built under R version 4.3.1 
4: package 'ggplot2' was built under R version 4.3.1 
5: package 'purrr' was built under R version 4.3.1 
6: package 'dplyr' was built under R version 4.3.1 
7: package 'forcats' was built under R version 4.3.1 
8: package 'lubridate' was built under R version 4.3.1 
Execution halted
