
... run started 2023-11-05 08:02:09 PST ...
 dir_wd = C:/users/selene.fregosi/documents/github/cruise-maps-live 
Processing data for 2 vessel(s).
 --- OES2303 Leg 4 ---
 Setting up Google Drive paths...
Auto-refreshing stale OAuth token.
 No new das or acoustic files to process. Exiting.
 --- LSK2401 Leg 1 ---
 Setting up Google Drive paths...
 Processing 2 new das files:
 -> DASALL.B03 
Reading DAS file
Processing DAS file
Checking DAS file
There were 2 on effort events with NA Lat/Lon/DateTime values that will ignored during segment chopping
   saved newEffortTracks_LSK2401_leg1_DASALL.B03_ran2023-11-05.Rda 
   saved compiledEffortTracks_LSK2401.Rda and as .csv
   saved effortTracks_LSK2401_leg1_DASALL.B03.gpx 
   saved compiledEffortTracks_LSK2401.gpx 
   saved newEffortPoints_LSK2401_leg1_DASALL.B03_ran2023-11-05.Rda 
   saved compiledEffortPoints_LSK2401.Rda and as .csv
   saved newSightings_LSK2401_leg1_DASALL.B03_ran2023-11-05.Rda 
   saved compiledSightings_LSK2401.Rda and as .csv
 -> DASALL.B04 
Reading DAS file
Processing DAS file
Checking DAS file
   saved newEffortTracks_LSK2401_leg1_DASALL.B04_ran2023-11-05.Rda 
   saved compiledEffortTracks_LSK2401.Rda and as .csv
   saved effortTracks_LSK2401_leg1_DASALL.B04.gpx 
   saved compiledEffortTracks_LSK2401.gpx 
   saved newEffortPoints_LSK2401_leg1_DASALL.B04_ran2023-11-05.Rda 
   saved compiledEffortPoints_LSK2401.Rda and as .csv
   saved newSightings_LSK2401_leg1_DASALL.B04_ran2023-11-05.Rda 
   saved compiledSightings_LSK2401.Rda and as .csv
 No new acoustic file to process. 
 --- Combining vessels: OES2303_LSK2401 ---
   saved combined compiled effort points, tracks, and sightings
   saved compiledEffortTracks_OES2303_LSK2401_combined.gpx 
 Updating summary table:
   saved summaryTable.Rda 
   saved summaryTable.png 
   saved summaryTable_OES2303_leg4_LSK2401_leg1_ran2023-11-05.png 
 Generating latest map of visual sightings:
Please note that 'maptools' will be retired during October 2023,
plan transition at your earliest convenience (see
https://r-spatial.org/r/2023/05/15/evolution4.html and earlier blogs
for guidance);some functionality will be moved to 'sp'.
 Checking rgeos availability: FALSE
   saved dailyMap_visuals as .png and .pdf
   saved summaryTable_OES2303_leg4_LSK2401_leg1_ran2023-11-05.png and as .csv
   saved dailyMap_visuals_CL as .png and .pdf
   saved dailyMap_visuals_OES2303_leg4_LSK2401_leg1_ran2023-11-05 as .png and .pdf
 No new acoustic file, skipping acoustic detections map...
...run complete 2023-11-05 08:03:40 PST ...
