
...run started 2023-10-21 11:12:51 PDT ...
 dir_wd = C:/users/selene.fregosi/documents/github/cruise-maps-live 
 Processing 4 new das files:
  DASALL.A12 
   saved newEffortTracks_OES2303_leg4_DASALL.A12_ran2023-10-21.Rda 
   saved compiledEffortTracks_OES2303.Rda and as .csv
   saved effortTracks_OES2303_leg4_DASALL.A12.gpx 
   saved compiledEffortTracks_OES2303.gpx 
   saved newEffortPoints_OES2303_leg4_DASALL.A12_ran2023-10-21.Rda 
   saved compiledEffortPoints_OES2303.Rda and as .csv
   saved newSightings_OES2303_leg4_DASALL.A12_ran2023-10-21.Rda 
   saved compiledSightings_OES2303.Rda and as .csv
  DASALL.A18 
   saved newEffortTracks_OES2303_leg4_DASALL.A18_ran2023-10-21.Rda 
   saved compiledEffortTracks_OES2303.Rda and as .csv
   saved effortTracks_OES2303_leg4_DASALL.A18.gpx 
   saved compiledEffortTracks_OES2303.gpx 
   saved newEffortPoints_OES2303_leg4_DASALL.A18_ran2023-10-21.Rda 
   saved compiledEffortPoints_OES2303.Rda and as .csv
   saved newSightings_OES2303_leg4_DASALL.A18_ran2023-10-21.Rda 
   saved compiledSightings_OES2303.Rda and as .csv
  DASALL.A19 
   saved newEffortTracks_OES2303_leg4_DASALL.A19_ran2023-10-21.Rda 
   saved compiledEffortTracks_OES2303.Rda and as .csv
   saved effortTracks_OES2303_leg4_DASALL.A19.gpx 
   saved compiledEffortTracks_OES2303.gpx 
   saved newEffortPoints_OES2303_leg4_DASALL.A19_ran2023-10-21.Rda 
   saved compiledEffortPoints_OES2303.Rda and as .csv
   saved newSightings_OES2303_leg4_DASALL.A19_ran2023-10-21.Rda 
   saved compiledSightings_OES2303.Rda and as .csv
  DASALL.A20 
   saved newEffortTracks_OES2303_leg4_DASALL.A20_ran2023-10-21.Rda 
   saved compiledEffortTracks_OES2303.Rda and as .csv
   saved effortTracks_OES2303_leg4_DASALL.A20.gpx 
   saved compiledEffortTracks_OES2303.gpx 
   saved newEffortPoints_OES2303_leg4_DASALL.A20_ran2023-10-21.Rda 
   saved compiledEffortPoints_OES2303.Rda and as .csv
   saved newSightings_OES2303_leg4_DASALL.A20_ran2023-10-21.Rda 
   saved compiledSightings_OES2303.Rda and as .csv
 No new acoustic file to process.
 Updating summary table:
   saved summaryTable.Rda 
   saved summaryTable.png 
   saved summaryTable_OES2303_leg4_ran2023-10-21.png 
 Generating latest map of visual sightings:
   saved dailyMap_visuals as .png and .pdf
   saved summaryTable_OES2303_leg4_ran2023-10-21.png and as .csv
   saved dailyMap_visuals_CL as .png and .pdf
   saved dailyMap_visuals_OES2303_leg4_ran2023-10-21 as .png and .pdf
 No new acoustic file, skipping acoustic detections map...
...run complete 2023-10-21 11:17:24 PDT ...
