
...run started 2023-10-14 14:36:18 PDT ...
 dir_wd = C:/users/selene.fregosi/documents/github/cruise-maps-live 
 Processing 2 new das files:
  DASALL.A12 
   saved newEffortTracks_OES2303_leg4_DASALL.A12_ran2023-10-14.Rda 
   saved compiledEffortTracks_OES2303.Rda and as .csv
   saved effortTracks_OES2303_leg4_DASALL.A12.gpx 

...run started 2023-10-14 14:38:02 PDT ...
 dir_wd = C:/users/selene.fregosi/documents/github/cruise-maps-live 
 Processing 2 new das files:
  DASALL.A12 
   saved newEffortTracks_OES2303_leg4_DASALL.A12_ran2023-10-14.Rda 
   saved compiledEffortTracks_OES2303.Rda and as .csv
   saved effortTracks_OES2303_leg4_DASALL.A12.gpx 
# A dribble: 59 × 3
   name       id       drive_resource   
   <chr>      <drv_id> <list>           
 1 DASALL.723 1A4Biik… <named list [40]>
 2 DASALL.724 1f2T4a9… <named list [40]>
 3 DASALL.725 1P_V96m… <named list [40]>
 4 DASALL.726 1HiP7mv… <named list [40]>
 5 DASALL.727 1he2sdi… <named list [40]>
 6 DASALL.728 1YFD5yS… <named list [40]>
 7 DASALL.804 1NoWZWn… <named list [40]>
 8 DASALL.805 1_0txFh… <named list [40]>
 9 DASALL.806 1g4kauv… <named list [40]>
10 DASALL.807 14EiDjs… <named list [40]>
# ℹ 49 more rows
# ℹ Use `print(n = ...)` to see more rows

...run started 2023-10-14 14:42:01 PDT ...
 dir_wd = C:/users/selene.fregosi/documents/github/cruise-maps-live 
 Processing 2 new das files:
  DASALL.A12 
   saved newEffortTracks_OES2303_leg4_DASALL.A12_ran2023-10-14.Rda 
   saved compiledEffortTracks_OES2303.Rda and as .csv
   saved effortTracks_OES2303_leg4_DASALL.A12.gpx 
   saved compiledEffortTracks_OES2303.gpx 
   saved newEffortPoints_OES2303_leg4_DASALL.A12_ran2023-10-14.Rda 
   saved compiledEffortPoints_OES2303.Rda and as .csv
   saved newSightings_OES2303_leg4_DASALL.A12_ran2023-10-14.Rda 
   saved compiledSightings_OES2303.Rda and as .csv
  DASALL.A13 
   saved newEffortTracks_OES2303_leg4_DASALL.A13_ran2023-10-14.Rda 
   saved compiledEffortTracks_OES2303.Rda and as .csv
   saved effortTracks_OES2303_leg4_DASALL.A13.gpx 
   saved compiledEffortTracks_OES2303.gpx 
   saved newEffortPoints_OES2303_leg4_DASALL.A13_ran2023-10-14.Rda 
   saved compiledEffortPoints_OES2303.Rda and as .csv
   saved newSightings_OES2303_leg4_DASALL.A13_ran2023-10-14.Rda 
   saved compiledSightings_OES2303.Rda and as .csv
 No new acoustic file to process.
 Updating summary table:
   saved summaryTable.Rda 
   saved summaryTable.png 
   saved summaryTable_OES2303_leg4_ran2023-10-14.png 
 Generating latest map of visual sightings:
   saved dailyMap_visuals as .png and .pdf
   saved summaryTable_OES2303_leg4_ran2023-10-14.png and as .csv
   saved dailyMap_visuals_CL as .png and .pdf
   saved dailyMap_visuals_OES2303_leg4_ran2023-10-14 as .png and .pdf
 No new acoustic file, skipping acoustic detections map...
...run complete 2023-10-14 14:43:47 PDT ...

...run started 2023-10-14 14:46:33 PDT ...
 dir_wd = C:/users/selene.fregosi/documents/github/cruise-maps-live 
 Processing 2 new das files:
  DASALL.A12 
   saved newEffortTracks_OES2303_leg4_DASALL.A12_ran2023-10-14.Rda 
   saved compiledEffortTracks_OES2303.Rda and as .csv
   saved effortTracks_OES2303_leg4_DASALL.A12.gpx 
   saved compiledEffortTracks_OES2303.gpx 
   saved newEffortPoints_OES2303_leg4_DASALL.A12_ran2023-10-14.Rda 
   saved compiledEffortPoints_OES2303.Rda and as .csv
   saved newSightings_OES2303_leg4_DASALL.A12_ran2023-10-14.Rda 
   saved compiledSightings_OES2303.Rda and as .csv
  DASALL.A13 
   saved newEffortTracks_OES2303_leg4_DASALL.A13_ran2023-10-14.Rda 
   saved compiledEffortTracks_OES2303.Rda and as .csv
   saved effortTracks_OES2303_leg4_DASALL.A13.gpx 
   saved compiledEffortTracks_OES2303.gpx 
   saved newEffortPoints_OES2303_leg4_DASALL.A13_ran2023-10-14.Rda 
   saved compiledEffortPoints_OES2303.Rda and as .csv
   saved newSightings_OES2303_leg4_DASALL.A13_ran2023-10-14.Rda 
   saved compiledSightings_OES2303.Rda and as .csv
 Processing updated acoustic database.
   saved acousticDetections_OES2303_leg4_ran2023-10-14.Rda 
   saved compiledDetections_OES2303.Rda and as .csv
 Updating summary table:
   saved summaryTable.Rda 
   saved summaryTable.png 
   saved summaryTable_OES2303_leg4_ran2023-10-14.png 
 Generating latest map of visual sightings:
   saved dailyMap_visuals as .png and .pdf
   saved summaryTable_OES2303_leg4_ran2023-10-14.png and as .csv
   saved dailyMap_visuals_CL as .png and .pdf
   saved dailyMap_visuals_OES2303_leg4_ran2023-10-14 as .png and .pdf
 Generating latest map of acoustic detections:
   saved dailyMap_acoustics as .png and .pdf
   saved dailyMap_acoustics_OES2303_leg4_ran2023-10-14 as .png and .pdf
...run complete 2023-10-14 14:48:40 PDT ...
