
... run started 2023-10-23 08:46:44 PDT ...
 dir_wd = C:/users/selene.fregosi/documents/github/cruise-maps-live 
Processing data for 1 vessel(s).
 --- OES2303 Leg 4 ---
 Setting up Google Drive paths...

... run started 2023-10-23 08:50:01 PDT ...
 dir_wd = C:/users/selene.fregosi/documents/github/cruise-maps-live 
Processing data for 1 vessel(s).
 --- OES2303 Leg 4 ---
 Setting up Google Drive paths...
 No new das or acoustic files to process. Exiting.
Error in eval(ei, envir) : object 'epNew' not found
Calls: source -> withVisible -> eval -> eval
In addition: Warning messages:
1: package 'raster' was built under R version 4.3.1 
2: package 'sp' was built under R version 4.3.1 
3: package 'tidyverse' was built under R version 4.3.1 
4: package 'ggplot2' was built under R version 4.3.1 
5: package 'purrr' was built under R version 4.3.1 
6: package 'dplyr' was built under R version 4.3.1 
7: package 'forcats' was built under R version 4.3.1 
8: package 'lubridate' was built under R version 4.3.1 
Execution halted
