
...run started 2023-10-18 07:27:49 PDT ...
 dir_wd = C:/users/selene.fregosi/documents/github/cruise-maps-live 
 Processing 1 new das files:
  DASALL.A17 
   saved newEffortTracks_OES2303_leg4_DASALL.A17_ran2023-10-18.Rda 
   saved compiledEffortTracks_OES2303.Rda and as .csv
   saved effortTracks_OES2303_leg4_DASALL.A17.gpx 
   saved compiledEffortTracks_OES2303.gpx 
   saved newEffortPoints_OES2303_leg4_DASALL.A17_ran2023-10-18.Rda 
   saved compiledEffortPoints_OES2303.Rda and as .csv
   saved newSightings_OES2303_leg4_DASALL.A17_ran2023-10-18.Rda 
   saved compiledSightings_OES2303.Rda and as .csv
 No new acoustic file to process.
 Updating summary table:
   saved summaryTable.Rda 
   saved summaryTable.png 
   saved summaryTable_OES2303_leg4_ran2023-10-18.png 
 Generating latest map of visual sightings:
   saved dailyMap_visuals as .png and .pdf
   saved summaryTable_OES2303_leg4_ran2023-10-18.png and as .csv
   saved dailyMap_visuals_CL as .png and .pdf
   saved dailyMap_visuals_OES2303_leg4_ran2023-10-18 as .png and .pdf
 No new acoustic file, skipping acoustic detections map...
...run complete 2023-10-18 07:29:35 PDT ...

...run started 2023-10-18 14:47:01 PDT ...
 dir_wd = C:/users/selene.fregosi/documents/github/cruise-maps-live 
 No new das or acoustic files to process. Exiting.
...run complete 2023-10-18 14:47:05 PDT ...
