
... run started 2023-10-25 08:02:14 PDT ...
 dir_wd = C:/users/selene.fregosi/documents/github/cruise-maps-live 
Processing data for 1 vessel(s).
 --- OES2303 Leg 4 ---
 Setting up Google Drive paths...
Auto-refreshing stale OAuth token.
 Processing 1 new das files:
 -> DASALL.A24 
Reading DAS file
Processing DAS file
Checking DAS file
   saved newEffortTracks_OES2303_leg4_DASALL.A24_ran2023-10-25.Rda 
   saved compiledEffortTracks_OES2303.Rda and as .csv
   saved effortTracks_OES2303_leg4_DASALL.A24.gpx 
   saved compiledEffortTracks_OES2303.gpx 
   saved newEffortPoints_OES2303_leg4_DASALL.A24_ran2023-10-25.Rda 
   saved compiledEffortPoints_OES2303.Rda and as .csv
   saved newSightings_OES2303_leg4_DASALL.A24_ran2023-10-25.Rda 
   saved compiledSightings_OES2303.Rda and as .csv
 No new acoustic file to process.
 Updating summary table:
   saved summaryTable.Rda 
   saved summaryTable.png 
   saved summaryTable_OES2303_leg4_ran2023-10-25.png 
 Generating latest map of visual sightings:
Please note that 'maptools' will be retired during October 2023,
plan transition at your earliest convenience (see
https://r-spatial.org/r/2023/05/15/evolution4.html and earlier blogs
for guidance);some functionality will be moved to 'sp'.
 Checking rgeos availability: FALSE
   saved dailyMap_visuals as .png and .pdf
   saved summaryTable_OES2303_leg4_ran2023-10-25.png and as .csv
   saved dailyMap_visuals_CL as .png and .pdf
   saved dailyMap_visuals_OES2303_leg4_ran2023-10-25 as .png and .pdf
 No new acoustic file, skipping acoustic detections map...
...run complete 2023-10-25 08:03:31 PDT ...
