
... run started 2023-11-03 10:00:25 PDT ...
 dir_wd = C:/users/selene.fregosi/documents/github/cruise-maps-live 
Processing data for 1 vessel(s).
 --- LSK2401 Leg 1 ---
 Setting up Google Drive paths...
 Processing 2 new das files:
 -> DASALL.B01 
Reading DAS file
Processing DAS file
Checking DAS file
   saved newEffortTracks_LSK2401_leg1_DASALL.B01_ran2023-11-03.Rda 
   saved compiledEffortTracks_LSK2401.Rda and as .csv
   saved effortTracks_LSK2401_leg1_DASALL.B01.gpx 
   saved compiledEffortTracks_LSK2401.gpx 
   saved newEffortPoints_LSK2401_leg1_DASALL.B01_ran2023-11-03.Rda 
   saved compiledEffortPoints_LSK2401.Rda and as .csv
   saved newSightings_LSK2401_leg1_DASALL.B01_ran2023-11-03.Rda 
   saved compiledSightings_LSK2401.Rda and as .csv
 -> DASALL.B02 
Reading DAS file
Processing DAS file
Checking DAS file
   saved newEffortTracks_LSK2401_leg1_DASALL.B02_ran2023-11-03.Rda 
   saved compiledEffortTracks_LSK2401.Rda and as .csv
   saved effortTracks_LSK2401_leg1_DASALL.B02.gpx 
   saved compiledEffortTracks_LSK2401.gpx 
   saved newEffortPoints_LSK2401_leg1_DASALL.B02_ran2023-11-03.Rda 
   saved compiledEffortPoints_LSK2401.Rda and as .csv
   saved newSightings_LSK2401_leg1_DASALL.B02_ran2023-11-03.Rda 
   saved compiledSightings_LSK2401.Rda and as .csv
 No new acoustic file to process. 
 Updating summary table:
   saved summaryTable.Rda 
   saved summaryTable.png 
   saved summaryTable_LSK2401_leg1_ran2023-11-03.png 
 Generating latest map of visual sightings:
Please note that 'maptools' will be retired during October 2023,
plan transition at your earliest convenience (see
https://r-spatial.org/r/2023/05/15/evolution4.html and earlier blogs
for guidance);some functionality will be moved to 'sp'.
 Checking rgeos availability: FALSE
   saved dailyMap_visuals as .png and .pdf
   saved summaryTable_LSK2401_leg1_ran2023-11-03.png and as .csv
   saved dailyMap_visuals_CL as .png and .pdf
   saved dailyMap_visuals_LSK2401_leg1_ran2023-11-03 as .png and .pdf
 No new acoustic file, skipping acoustic detections map...
...run complete 2023-11-03 10:02:15 PDT ...

... run started 2023-11-03 10:12:19 PDT ...
 dir_wd = C:/users/selene.fregosi/documents/github/cruise-maps-live 
Processing data for 1 vessel(s).
 --- LSK2401 Leg 1 ---
 Setting up Google Drive paths...
 Processing 1 new das files:
 -> DASALL.B02 
Reading DAS file
Processing DAS file
Checking DAS file
   saved newEffortTracks_LSK2401_leg1_DASALL.B02_ran2023-11-03.Rda 
   saved compiledEffortTracks_LSK2401.Rda and as .csv
   saved effortTracks_LSK2401_leg1_DASALL.B02.gpx 
   saved compiledEffortTracks_LSK2401.gpx 
   saved newEffortPoints_LSK2401_leg1_DASALL.B02_ran2023-11-03.Rda 
   saved compiledEffortPoints_LSK2401.Rda and as .csv
   saved newSightings_LSK2401_leg1_DASALL.B02_ran2023-11-03.Rda 
   saved compiledSightings_LSK2401.Rda and as .csv
 No new acoustic file to process. 
[1] FALSE
 --- Combining vessels: LSK2401 ---
Error: object 'epNewL' not found
Error in plotMap(dir_wd, epC, epNewC, vsC, shipCode, dataType = "visual") : 
  object 'labels_lines' not found
Error: object 'base_map_V' not found
