
...run started 2023-07-25 06:33:34 PDT ...
 dir_wd = C:/users/selene.fregosi/documents/github/cruise-maps-live 
 Processing 2 new das files:
[1] TRUE
  DASALL.724 
  DASALL.724 
   saved data/snapshots/ newEffortTracks_2023_leg01_OES_DASALL.724_2023-07-25.Rda 
   saved compiledEffortTracks_2023_leg01_OES.Rda and as .csv
   saved data/snapshots/ newEffortPoints_2023_leg01_OES_DASALL.724_2023-07-25.Rda 
   saved compiledEffortPoints_2023_leg01_OES.Rda and as .csv
   saved data/snapshots/ newSightings_2023_leg01_OES_DASALL.724_2023-07-25.Rda 
   saved compiledSightings_2023_leg01_OES.Rda and as .csv
  DASALL.723 
   saved data/snapshots/ newEffortTracks_2023_leg01_OES_DASALL.723_2023-07-25.Rda 
   saved compiledEffortTracks_2023_leg01_OES.Rda and as .csv
   saved data/snapshots/ newEffortPoints_2023_leg01_OES_DASALL.723_2023-07-25.Rda 
   saved compiledEffortPoints_2023_leg01_OES.Rda and as .csv
   saved data/snapshots/ newSightings_2023_leg01_OES_DASALL.723_2023-07-25.Rda 
   saved compiledSightings_2023_leg01_OES.Rda and as .csv
 Skipping acoustic detections...
 Updating summary table:
 Updating summary table:
[1] "summaryTable_2023.Rda"
[1] "gd"

...run started 2023-07-25 06:49:55 PDT ...
 dir_wd = C:/users/selene.fregosi/documents/github/cruise-maps-live 

...run started 2023-07-25 06:50:02 PDT ...
 dir_wd = C:/users/selene.fregosi/documents/github/cruise-maps-live 
 Processing 1 new das files:
  DASALL.724 
   saved data/snapshots/ newEffortTracks_2023_leg01_OES_DASALL.724_2023-07-25.Rda 
   saved compiledEffortTracks_2023_leg01_OES.Rda and as .csv
   saved data/snapshots/ newEffortPoints_2023_leg01_OES_DASALL.724_2023-07-25.Rda 
   saved compiledEffortPoints_2023_leg01_OES.Rda and as .csv
   saved data/snapshots/ newSightings_2023_leg01_OES_DASALL.724_2023-07-25.Rda 
   saved compiledSightings_2023_leg01_OES.Rda and as .csv
 Skipping acoustic detections...
 Updating summary table:
   saved summaryTable_2023.Rda 
   saved summaryTable_2023.Rda 
[1] "C:/users/selene.fregosi/documents/github/cruise-maps-live/outputs/summaryTable_2023_leg01_OES.png"
   saved summaryTable_2023_leg01_OES.png 
[1] "C:/users/selene.fregosi/documents/github/cruise-maps-live/outputs/table_archive/summaryTable_2023_leg01_OES_2023-07-25.png"
   saved table_archive/ summaryTable_2023_leg01_OES_2023-07-25.png 
 Generating latest map:
 Generating latest map:
   saved dailyMap_2023_leg01_OES as .png and .pdf
   saved map_archive/ dailyMap_2023_leg01_OES_2023-07-25 as .png and .pdf
...run complete 2023-07-25 06:53:53 PDT ...

...run started 2023-07-25 06:54:59 PDT ...
 dir_wd = C:/users/selene.fregosi/documents/github/cruise-maps-live 
 Processing 0 new das files:

...run started 2023-07-25 06:55:56 PDT ...
 dir_wd = C:/users/selene.fregosi/documents/github/cruise-maps-live 
 Processing 0 new das files:
 Skipping acoustic detections...
 Updating summary table:

...run started 2023-07-25 06:56:28 PDT ...
 dir_wd = C:/users/selene.fregosi/documents/github/cruise-maps-live 
 Processing 0 new das files:
integer(0)
integer(0)
[1] TRUE
[1] FALSE
 Processing 2 new das files:

...run started 2023-07-25 06:59:08 PDT ...
 dir_wd = C:/users/selene.fregosi/documents/github/cruise-maps-live 
 Processing 2 new das files:
  DASALL.724 
   saved data/snapshots/ newEffortTracks_2023_leg01_OES_DASALL.724_2023-07-25.Rda 
   saved compiledEffortTracks_2023_leg01_OES.Rda and as .csv
   saved data/snapshots/ newEffortPoints_2023_leg01_OES_DASALL.724_2023-07-25.Rda 
   saved compiledEffortPoints_2023_leg01_OES.Rda and as .csv
   saved data/snapshots/ newSightings_2023_leg01_OES_DASALL.724_2023-07-25.Rda 
   saved compiledSightings_2023_leg01_OES.Rda and as .csv
  DASALL.723 
   saved data/snapshots/ newEffortTracks_2023_leg01_OES_DASALL.723_2023-07-25.Rda 
   saved compiledEffortTracks_2023_leg01_OES.Rda and as .csv
   saved data/snapshots/ newEffortPoints_2023_leg01_OES_DASALL.723_2023-07-25.Rda 
   saved compiledEffortPoints_2023_leg01_OES.Rda and as .csv
   saved data/snapshots/ newSightings_2023_leg01_OES_DASALL.723_2023-07-25.Rda 
   saved compiledSightings_2023_leg01_OES.Rda and as .csv
 Skipping acoustic detections...
 Updating summary table:
   saved summaryTable_2023.Rda 
   saved summaryTable_2023_leg01_OES.png 
   saved table_archive/ summaryTable_2023_leg01_OES_2023-07-25.png 
 Generating latest map:
   saved dailyMap_2023_leg01_OES as .png and .pdf
   saved map_archive/ dailyMap_2023_leg01_OES_2023-07-25 as .png and .pdf
...run complete 2023-07-25 07:00:23 PDT ...

...run started 2023-07-25 07:54:40 PDT ...
 dir_wd = C:/users/selene.fregosi/documents/github/cruise-maps-live 
 Processing 2 new das files:
  DASALL.724 

...run started 2023-07-25 07:56:04 PDT ...
 dir_wd = C:/users/selene.fregosi/documents/github/cruise-maps-live 
 Processing 2 new das files:
  DASALL.724 

...run started 2023-07-25 07:57:01 PDT ...
 dir_wd = C:/users/selene.fregosi/documents/github/cruise-maps-live 
 Processing 2 new das files:
  DASALL.724 
   saved data/ 2023_leg01_OES /snapshots/ newEffortTracks_2023_leg01_OES_DASALL.724_2023-07-25.Rda 

...run started 2023-07-25 08:04:26 PDT ...
 dir_wd = C:/users/selene.fregosi/documents/github/cruise-maps-live 
 Processing 2 new das files:
  DASALL.724 
   saved newEffortTracks_2023_leg01_OES_DASALL.724_2023-07-25.Rda 
   saved compiledEffortTracks_2023_leg01_OES.Rda and as .csv
   saved newEffortPoints_2023_leg01_OES_DASALL.724_2023-07-25.Rda 
   saved compiledEffortPoints_2023_leg01_OES.Rda and as .csv
   saved newSightings_2023_leg01_OES_DASALL.724_2023-07-25.Rda 
   saved compiledSightings_2023_leg01_OES.Rda and as .csv
  DASALL.723 
   saved newEffortTracks_2023_leg01_OES_DASALL.723_2023-07-25.Rda 
   saved compiledEffortTracks_2023_leg01_OES.Rda and as .csv
   saved newEffortPoints_2023_leg01_OES_DASALL.723_2023-07-25.Rda 
   saved compiledEffortPoints_2023_leg01_OES.Rda and as .csv
   saved newSightings_2023_leg01_OES_DASALL.723_2023-07-25.Rda 
   saved compiledSightings_2023_leg01_OES.Rda and as .csv
 Skipping acoustic detections...
 Updating summary table:
   saved summaryTable_2023.Rda 
   saved summaryTable_2023_leg01_OES.png 
   saved summaryTable_2023_leg01_OES_2023-07-25.png 
 Generating latest map:
   saved dailyMap_2023_leg01_OES as .png and .pdf
   saved dailyMap_2023_leg01_OES_2023-07-25 as .png and .pdf
...run complete 2023-07-25 08:05:40 PDT ...


batch script test commit. 

shell script test commit. 
...run started 2023-07-25 12:56:27 PDT ...
 dir_wd = C:/users/selene.fregosi/documents/github/cruise-maps-live 
 Processing 0 new das files:
 Skipping acoustic detections...
 Updating summary table:

...run started 2023-07-25 12:57:30 PDT ...
 dir_wd = C:/users/selene.fregosi/documents/github/cruise-maps-live 
 Processing 0 new das files:
 Skipping acoustic detections...
 Updating summary table:

...run started 2023-07-25 13:05:39 PDT ...
 dir_wd = C:/users/selene.fregosi/documents/github/cruise-maps-live 

...run started 2023-07-25 17:29:09 PDT ...
 dir_wd = C:/users/selene.fregosi/documents/github/cruise-maps-live 
 Processing 2 new das files:
  DASALL.724 
   saved newEffortTracks_2023_leg01_OES_DASALL.724_2023-07-25.Rda 
   saved compiledEffortTracks_2023_leg01_OES.Rda and as .csv
   saved newEffortPoints_2023_leg01_OES_DASALL.724_2023-07-25.Rda 
   saved compiledEffortPoints_2023_leg01_OES.Rda and as .csv
   saved newSightings_2023_leg01_OES_DASALL.724_2023-07-25.Rda 
   saved compiledSightings_2023_leg01_OES.Rda and as .csv
  DASALL.723 
   saved newEffortTracks_2023_leg01_OES_DASALL.723_2023-07-25.Rda 
   saved compiledEffortTracks_2023_leg01_OES.Rda and as .csv
   saved newEffortPoints_2023_leg01_OES_DASALL.723_2023-07-25.Rda 
   saved compiledEffortPoints_2023_leg01_OES.Rda and as .csv
   saved newSightings_2023_leg01_OES_DASALL.723_2023-07-25.Rda 
   saved compiledSightings_2023_leg01_OES.Rda and as .csv
 Skipping acoustic detections...
 Updating summary table:
   saved summaryTable_2023.Rda 
   saved summaryTable_2023_leg01_OES.png 
   saved summaryTable_2023_leg01_OES_2023-07-25.png 
 Generating latest map:
   saved dailyMap_2023_leg01_OES as .png and .pdf
   saved dailyMap_2023_leg01_OES_2023-07-25 as .png and .pdf
...run complete 2023-07-25 17:30:27 PDT ...
