
...run started 2023-07-29 08:02:03 PDT ...
 dir_wd = C:/users/selene.fregosi/documents/github/cruise-maps-live 
 Processing 2 new das files:
  DASALL.728 
   saved newEffortTracks_2023_leg01_OES_DASALL.728_2023-07-29.Rda 
   saved compiledEffortTracks_2023_leg01_OES.Rda and as .csv
   saved newEffortPoints_2023_leg01_OES_DASALL.728_2023-07-29.Rda 
   saved compiledEffortPoints_2023_leg01_OES.Rda and as .csv
   saved newSightings_2023_leg01_OES_DASALL.728_2023-07-29.Rda 
   saved compiledSightings_2023_leg01_OES.Rda and as .csv
  DASALL.727 
   saved newEffortTracks_2023_leg01_OES_DASALL.727_2023-07-29.Rda 
   saved compiledEffortTracks_2023_leg01_OES.Rda and as .csv
   saved newEffortPoints_2023_leg01_OES_DASALL.727_2023-07-29.Rda 
   saved compiledEffortPoints_2023_leg01_OES.Rda and as .csv
   saved newSightings_2023_leg01_OES_DASALL.727_2023-07-29.Rda 
   saved compiledSightings_2023_leg01_OES.Rda and as .csv
 Skipping acoustic detections...
 Updating summary table:
   saved summaryTable_2023.Rda 
   saved summaryTable_2023_leg01_OES.png 
   saved summaryTable_2023_leg01_OES_2023-07-29.png 
 Generating latest map:
   saved dailyMap_2023_leg01_OES as .png and .pdf
   saved dailyMap_2023_leg01_OES_2023-07-29 as .png and .pdf
...run complete 2023-07-29 08:03:33 PDT ...
