
... run started 2023-11-18 16:08:17 PST ...
 dir_wd = C:/users/selene.fregosi/documents/github/cruise-maps-live 
Processing data for 2 vessel(s).
 --- OES2303 Leg 5 ---
 Setting up Google Drive paths...
Auto-refreshing stale OAuth token.
 Processing 1 new das files:
 -> DASALL.B17 
Reading DAS file
Processing DAS file
Checking DAS file
   saved newEffortTracks_OES2303_leg5_DASALL.B17_ran2023-11-18.Rda 
   saved compiledEffortTracks_OES2303.Rda and as .csv
   saved effortTracks_OES2303_leg5_DASALL.B17.gpx 
   saved compiledEffortTracks_OES2303.gpx 
   saved newEffortPoints_OES2303_leg5_DASALL.B17_ran2023-11-18.Rda 
   saved compiledEffortPoints_OES2303.Rda and as .csv
   saved newSightings_OES2303_leg5_DASALL.B17_ran2023-11-18.Rda 
   saved compiledSightings_OES2303.Rda and as .csv
 No new acoustic file to process. 
 --- LSK2401 Leg 2 ---
 Setting up Google Drive paths...
 Processing 4 new das files:
 -> DASALL.B14 
Reading DAS file
Processing DAS file
Checking DAS file
Error in `$<-.data.frame`(`*tmp*`, "dist_from_prev", value = list(NA)) : 
  replacement has 1 row, data has 0
Calls: source ... das_effort -> das_effort.das_df -> $<- -> $<-.data.frame
In addition: Warning messages:
1: package 'raster' was built under R version 4.3.1 
2: package 'sp' was built under R version 4.3.1 
3: package 'tidyverse' was built under R version 4.3.1 
4: package 'ggplot2' was built under R version 4.3.1 
5: package 'purrr' was built under R version 4.3.1 
6: package 'dplyr' was built under R version 4.3.1 
7: package 'forcats' was built under R version 4.3.1 
8: package 'lubridate' was built under R version 4.3.1 
Execution halted
