
... run started 2023-11-16 08:02:14 PST ...
 dir_wd = C:/users/selene.fregosi/documents/github/cruise-maps-live 
Processing data for 2 vessel(s).
 --- OES2303 Leg 5 ---
 Setting up Google Drive paths...
Auto-refreshing stale OAuth token.
 Processing 1 new das files:
 -> DASALL.B15 
Reading DAS file
Processing DAS file
Checking DAS file
   saved newEffortTracks_OES2303_leg5_DASALL.B15_ran2023-11-16.Rda 
   saved compiledEffortTracks_OES2303.Rda and as .csv
   saved effortTracks_OES2303_leg5_DASALL.B15.gpx 
   saved compiledEffortTracks_OES2303.gpx 
   saved newEffortPoints_OES2303_leg5_DASALL.B15_ran2023-11-16.Rda 
   saved compiledEffortPoints_OES2303.Rda and as .csv
Warning in das_sight.das_df(as_das_df(x), ...) :
  All 'S', 'G', 'K', and 'M' events (and only these events) should be immediately followed by an 'A' event. This rule is not followed at the following:
File: DASALL.B15 | Line number: 305
   saved newSightings_OES2303_leg5_DASALL.B15_ran2023-11-16.Rda 
   saved compiledSightings_OES2303.Rda and as .csv
 No new acoustic file to process. 
 --- LSK2401 Leg 2 ---
 Setting up Google Drive paths...
 No new das files to process. Proceeding to acoustics...
 Processing updated acoustic database.
   saved acousticDetections_LSK2401_leg2_ran2023-11-16.Rda 
   saved compiledDetections_LSK2401.Rda and as .csv
 --- Combining vessels: OES2303_LSK2401 ---
   saved combined compiled effort points, tracks, and sightings
   saved compiledEffortTracks_OES2303_LSK2401_combined.gpx 
   saved combined compiled acoustic detections
 Updating summary table:
   saved summaryTable.Rda 
   saved summaryTable.png 
   saved summaryTable_OES2303_leg5_LSK2401_leg2_ran2023-11-16.png 
 Generating latest map of visual sightings:
Please note that 'maptools' will be retired during October 2023,
plan transition at your earliest convenience (see
https://r-spatial.org/r/2023/05/15/evolution4.html and earlier blogs
for guidance);some functionality will be moved to 'sp'.
 Checking rgeos availability: FALSE
   saved dailyMap_visuals as .png and .pdf
   saved summaryTable_OES2303_leg5_LSK2401_leg2_ran2023-11-16.png and as .csv
   saved dailyMap_visuals_CL as .png and .pdf
   saved dailyMap_visuals_OES2303_leg5_LSK2401_leg2_ran2023-11-16 as .png and .pdf
 Generating latest map of acoustic detections:
   saved dailyMap_acoustics as .png and .pdf
   saved dailyMap_acoustics_OES2303_leg5_LSK2401_leg2_ran2023-11-16 as .png and .pdf
...run complete 2023-11-16 08:04:22 PST ...
