
... run started 2023-11-12 08:49:50 PST ...
 dir_wd = C:/users/selene.fregosi/documents/github/cruise-maps-live 
Processing data for 2 vessel(s).
 --- OES2303 Leg 5 ---
 Setting up Google Drive paths...
Auto-refreshing stale OAuth token.
 Processing 3 new das files:
 -> DASALL.B08 
Reading DAS file
Processing DAS file
Checking DAS file
   saved newEffortTracks_OES2303_leg5_DASALL.B08_ran2023-11-12.Rda 
   saved compiledEffortTracks_OES2303.Rda and as .csv
   saved effortTracks_OES2303_leg5_DASALL.B08.gpx 
   saved compiledEffortTracks_OES2303.gpx 
   saved newEffortPoints_OES2303_leg5_DASALL.B08_ran2023-11-12.Rda 
   saved compiledEffortPoints_OES2303.Rda and as .csv
   saved newSightings_OES2303_leg5_DASALL.B08_ran2023-11-12.Rda 
   saved compiledSightings_OES2303.Rda and as .csv
 -> DASALL.B09 
Reading DAS file
Processing DAS file
Checking DAS file
   saved newEffortTracks_OES2303_leg5_DASALL.B09_ran2023-11-12.Rda 
   saved compiledEffortTracks_OES2303.Rda and as .csv
   saved effortTracks_OES2303_leg5_DASALL.B09.gpx 
   saved compiledEffortTracks_OES2303.gpx 
   saved newEffortPoints_OES2303_leg5_DASALL.B09_ran2023-11-12.Rda 
   saved compiledEffortPoints_OES2303.Rda and as .csv
   saved newSightings_OES2303_leg5_DASALL.B09_ran2023-11-12.Rda 
   saved compiledSightings_OES2303.Rda and as .csv
 -> DASALL.B10 
Reading DAS file
Processing DAS file
Checking DAS file
   saved newEffortTracks_OES2303_leg5_DASALL.B10_ran2023-11-12.Rda 
   saved compiledEffortTracks_OES2303.Rda and as .csv
   saved effortTracks_OES2303_leg5_DASALL.B10.gpx 
   saved compiledEffortTracks_OES2303.gpx 
   saved newEffortPoints_OES2303_leg5_DASALL.B10_ran2023-11-12.Rda 
   saved compiledEffortPoints_OES2303.Rda and as .csv
   saved newSightings_OES2303_leg5_DASALL.B10_ran2023-11-12.Rda 
   saved compiledSightings_OES2303.Rda and as .csv
 Processing updated acoustic database.
   saved acousticDetections_OES2303_leg5_ran2023-11-12.Rda 
   saved compiledDetections_OES2303.Rda and as .csv
 --- LSK2401 Leg 2 ---
 Setting up Google Drive paths...
No PAM file present!! Skipping any acoustic processing/plotting...
 Processing 1 new das files:
 -> DASALL.B10 
Reading DAS file
Processing DAS file
Checking DAS file
   saved newEffortTracks_LSK2401_leg2_DASALL.B10_ran2023-11-12.Rda 
   saved compiledEffortTracks_LSK2401.Rda and as .csv
   saved effortTracks_LSK2401_leg2_DASALL.B10.gpx 
   saved compiledEffortTracks_LSK2401.gpx 
   saved newEffortPoints_LSK2401_leg2_DASALL.B10_ran2023-11-12.Rda 
   saved compiledEffortPoints_LSK2401.Rda and as .csv
   saved newSightings_LSK2401_leg2_DASALL.B10_ran2023-11-12.Rda 
   saved compiledSightings_LSK2401.Rda and as .csv
 No new acoustic file to process. 
 --- Combining vessels: OES2303_LSK2401 ---
   saved combined compiled effort points, tracks, and sightings
   saved compiledEffortTracks_OES2303_LSK2401_combined.gpx 
   saved combined compiled acoustic detections
 Updating summary table:
   saved summaryTable.Rda 
   saved summaryTable.png 
   saved summaryTable_OES2303_leg5_LSK2401_leg2_ran2023-11-12.png 
 Generating latest map of visual sightings:
Please note that 'maptools' will be retired during October 2023,
plan transition at your earliest convenience (see
https://r-spatial.org/r/2023/05/15/evolution4.html and earlier blogs
for guidance);some functionality will be moved to 'sp'.
 Checking rgeos availability: FALSE
   saved dailyMap_visuals as .png and .pdf
   saved summaryTable_OES2303_leg5_LSK2401_leg2_ran2023-11-12.png and as .csv
   saved dailyMap_visuals_CL as .png and .pdf
   saved dailyMap_visuals_OES2303_leg5_LSK2401_leg2_ran2023-11-12 as .png and .pdf
 Generating latest map of acoustic detections:
   saved dailyMap_acoustics as .png and .pdf
   saved dailyMap_acoustics_OES2303_leg5_LSK2401_leg2_ran2023-11-12 as .png and .pdf
...run complete 2023-11-12 08:54:04 PST ...
