
... run started 2023-11-08 16:59:33 PST ...
 dir_wd = C:/users/selene.fregosi/documents/github/cruise-maps-live 
Processing data for 2 vessel(s).
 --- OES2303 Leg 5 ---
 Setting up Google Drive paths...
Auto-refreshing stale OAuth token.
No PAM file present!! Skipping any acoustic processing/plotting...
 Processing 1 new das files:
 -> DASALL.B07 
Reading DAS file
Processing DAS file
Checking DAS file
   saved newEffortTracks_OES2303_leg5_DASALL.B07_ran2023-11-08.Rda 
   saved compiledEffortTracks_OES2303.Rda and as .csv
   saved effortTracks_OES2303_leg5_DASALL.B07.gpx 
   saved compiledEffortTracks_OES2303.gpx 
   saved newEffortPoints_OES2303_leg5_DASALL.B07_ran2023-11-08.Rda 
   saved compiledEffortPoints_OES2303.Rda and as .csv
   saved newSightings_OES2303_leg5_DASALL.B07_ran2023-11-08.Rda 
   saved compiledSightings_OES2303.Rda and as .csv
 No new acoustic file to process. 
 --- LSK2401 Leg 2 ---
 Setting up Google Drive paths...
No PAM file present!! Skipping any acoustic processing/plotting...
 No new das or acoustic files to process. Exiting.
 --- Combining vessels: OES2303_LSK2401 ---
   saved combined compiled effort points, tracks, and sightings
   saved compiledEffortTracks_OES2303_LSK2401_combined.gpx 
 Updating summary table:
   saved summaryTable.Rda 
   saved summaryTable.png 
   saved summaryTable_OES2303_leg5_LSK2401_leg2_ran2023-11-08.png 
 Generating latest map of visual sightings:
Please note that 'maptools' will be retired during October 2023,
plan transition at your earliest convenience (see
https://r-spatial.org/r/2023/05/15/evolution4.html and earlier blogs
for guidance);some functionality will be moved to 'sp'.
 Checking rgeos availability: FALSE
   saved dailyMap_visuals as .png and .pdf
   saved summaryTable_OES2303_leg5_LSK2401_leg2_ran2023-11-08.png and as .csv
   saved dailyMap_visuals_CL as .png and .pdf
   saved dailyMap_visuals_OES2303_leg5_LSK2401_leg2_ran2023-11-08 as .png and .pdf
 No new acoustic file, skipping acoustic detections map...
...run complete 2023-11-08 17:00:51 PST ...

... run started 2023-11-08 17:04:25 PST ...
 dir_wd = C:/users/selene.fregosi/documents/github/cruise-maps-live 
Processing data for 2 vessel(s).
 --- OES2303 Leg 5 ---
 Setting up Google Drive paths...
No PAM file present!! Skipping any acoustic processing/plotting...
 Processing 1 new das files:
 -> DASALL.B07 
Reading DAS file
Processing DAS file
Checking DAS file
   saved newEffortTracks_OES2303_leg5_DASALL.B07_ran2023-11-08.Rda 
   saved compiledEffortTracks_OES2303.Rda and as .csv
   saved effortTracks_OES2303_leg5_DASALL.B07.gpx 
   saved compiledEffortTracks_OES2303.gpx 
   saved newEffortPoints_OES2303_leg5_DASALL.B07_ran2023-11-08.Rda 
   saved compiledEffortPoints_OES2303.Rda and as .csv
   saved newSightings_OES2303_leg5_DASALL.B07_ran2023-11-08.Rda 
   saved compiledSightings_OES2303.Rda and as .csv
 No new acoustic file to process. 
 --- LSK2401 Leg 2 ---
 Setting up Google Drive paths...
No PAM file present!! Skipping any acoustic processing/plotting...
 No new das or acoustic files to process. Exiting.
 --- Combining vessels: OES2303_LSK2401 ---
   saved combined compiled effort points, tracks, and sightings
   saved compiledEffortTracks_OES2303_LSK2401_combined.gpx 
 Updating summary table:
   saved summaryTable.Rda 
   saved summaryTable.png 
   saved summaryTable_OES2303_leg5_LSK2401_leg2_ran2023-11-08.png 
 Generating latest map of visual sightings:
Please note that 'maptools' will be retired during October 2023,
plan transition at your earliest convenience (see
https://r-spatial.org/r/2023/05/15/evolution4.html and earlier blogs
for guidance);some functionality will be moved to 'sp'.
 Checking rgeos availability: FALSE
   saved dailyMap_visuals as .png and .pdf
   saved summaryTable_OES2303_leg5_LSK2401_leg2_ran2023-11-08.png and as .csv
   saved dailyMap_visuals_CL as .png and .pdf
   saved dailyMap_visuals_OES2303_leg5_LSK2401_leg2_ran2023-11-08 as .png and .pdf
 No new acoustic file, skipping acoustic detections map...
...run complete 2023-11-08 17:05:42 PST ...
