
... run started 2023-11-22 08:02:11 PST ...
 dir_wd = C:/users/selene.fregosi/documents/github/cruise-maps-live 
Processing data for 2 vessel(s).
 --- OES2303 Leg 5 ---
 Setting up Google Drive paths...
Auto-refreshing stale OAuth token.
 Processing 2 new das files:
 -> DASALL.B20 
Reading DAS file
Processing DAS file
Checking DAS file
   saved newEffortTracks_OES2303_leg5_DASALL.B20_ran2023-11-22.Rda 
   saved compiledEffortTracks_OES2303.Rda and as .csv
   saved effortTracks_OES2303_leg5_DASALL.B20.gpx 
   saved compiledEffortTracks_OES2303.gpx 
   saved newEffortPoints_OES2303_leg5_DASALL.B20_ran2023-11-22.Rda 
   saved compiledEffortPoints_OES2303.Rda and as .csv
   saved newSightings_OES2303_leg5_DASALL.B20_ran2023-11-22.Rda 
   saved compiledSightings_OES2303.Rda and as .csv
 -> DASALL.B21 
Reading DAS file
Processing DAS file
Checking DAS file
   saved newEffortTracks_OES2303_leg5_DASALL.B21_ran2023-11-22.Rda 
   saved compiledEffortTracks_OES2303.Rda and as .csv
   saved effortTracks_OES2303_leg5_DASALL.B21.gpx 
   saved compiledEffortTracks_OES2303.gpx 
   saved newEffortPoints_OES2303_leg5_DASALL.B21_ran2023-11-22.Rda 
   saved compiledEffortPoints_OES2303.Rda and as .csv
   saved newSightings_OES2303_leg5_DASALL.B21_ran2023-11-22.Rda 
   saved compiledSightings_OES2303.Rda and as .csv
 No new acoustic file to process. 
 --- LSK2401 Leg 2 ---
 Setting up Google Drive paths...
 Processing 2 new das files:
 -> DASALL.B20 
Reading DAS file
Processing DAS file
Checking DAS file
   saved newEffortTracks_LSK2401_leg2_DASALL.B20_ran2023-11-22.Rda 
   saved compiledEffortTracks_LSK2401.Rda and as .csv
   saved effortTracks_LSK2401_leg2_DASALL.B20.gpx 
   saved compiledEffortTracks_LSK2401.gpx 
   saved newEffortPoints_LSK2401_leg2_DASALL.B20_ran2023-11-22.Rda 
   saved compiledEffortPoints_LSK2401.Rda and as .csv
   saved newSightings_LSK2401_leg2_DASALL.B20_ran2023-11-22.Rda 
   saved compiledSightings_LSK2401.Rda and as .csv
 -> DASALL.B21 
Reading DAS file
Processing DAS file
Checking DAS file
   saved newEffortTracks_LSK2401_leg2_DASALL.B21_ran2023-11-22.Rda 
   saved compiledEffortTracks_LSK2401.Rda and as .csv
   saved effortTracks_LSK2401_leg2_DASALL.B21.gpx 
   saved compiledEffortTracks_LSK2401.gpx 
   saved newEffortPoints_LSK2401_leg2_DASALL.B21_ran2023-11-22.Rda 
   saved compiledEffortPoints_LSK2401.Rda and as .csv
   saved newSightings_LSK2401_leg2_DASALL.B21_ran2023-11-22.Rda 
   saved compiledSightings_LSK2401.Rda and as .csv
 Processing updated acoustic database.
   saved acousticDetections_LSK2401_leg2_ran2023-11-22.Rda 
   saved compiledDetections_LSK2401.Rda and as .csv
 --- Combining vessels: OES2303_LSK2401 ---
   saved combined compiled effort points, tracks, and sightings
   saved compiledEffortTracks_OES2303_LSK2401_combined.gpx 
   saved combined compiled acoustic detections
 Updating summary table:
   saved summaryTable.Rda 
   saved summaryTable.png 
   saved summaryTable_OES2303_leg5_LSK2401_leg2_ran2023-11-22.png 
 Generating latest map of visual sightings:
Please note that 'maptools' will be retired during October 2023,
plan transition at your earliest convenience (see
https://r-spatial.org/r/2023/05/15/evolution4.html and earlier blogs
for guidance);some functionality will be moved to 'sp'.
 Checking rgeos availability: FALSE
   saved dailyMap_visuals as .png and .pdf
   saved summaryTable_OES2303_leg5_LSK2401_leg2_ran2023-11-22.png and as .csv
   saved dailyMap_visuals_CL as .png and .pdf
   saved dailyMap_visuals_OES2303_leg5_LSK2401_leg2_ran2023-11-22 as .png and .pdf
 Generating latest map of acoustic detections:
   saved dailyMap_acoustics as .png and .pdf
   saved dailyMap_acoustics_OES2303_leg5_LSK2401_leg2_ran2023-11-22 as .png and .pdf
...run complete 2023-11-22 08:05:58 PST ...
