
...run started 2023-08-02 10:47:47 PDT ...
 dir_wd = C:/users/selene.fregosi/documents/github/cruise-maps-live 
 Processing 6 new das files:
  DASALL.723 
   saved newEffortTracks_OES2303_leg1_DASALL.723_ran2023-08-02.Rda 
   saved compiledEffortTracks_OES2303.Rda and as .csv
   saved C:/users/selene.fregosi/documents/github/cruise-maps-live/data/OES2303/gpx/effortTracks_OES2303_leg1_DASALL.723.gpx 
   saved C:/users/selene.fregosi/documents/github/cruise-maps-live/data/OES2303/gpx/compiledEffortTracks_OES2303.gpx 
   saved newEffortPoints_OES2303_leg1_DASALL.723_ran2023-08-02.Rda 
   saved compiledEffortPoints_OES2303.Rda and as .csv
   saved newSightings_OES2303_leg1_DASALL.723_ran2023-08-02.Rda 
   saved compiledSightings_OES2303.Rda and as .csv
  DASALL.724 
   saved newEffortTracks_OES2303_leg1_DASALL.724_ran2023-08-02.Rda 
   saved compiledEffortTracks_OES2303.Rda and as .csv
   saved C:/users/selene.fregosi/documents/github/cruise-maps-live/data/OES2303/gpx/effortTracks_OES2303_leg1_DASALL.724.gpx 
   saved C:/users/selene.fregosi/documents/github/cruise-maps-live/data/OES2303/gpx/compiledEffortTracks_OES2303.gpx 
   saved newEffortPoints_OES2303_leg1_DASALL.724_ran2023-08-02.Rda 
   saved compiledEffortPoints_OES2303.Rda and as .csv
   saved newSightings_OES2303_leg1_DASALL.724_ran2023-08-02.Rda 
   saved compiledSightings_OES2303.Rda and as .csv
  DASALL.725 
   saved newEffortTracks_OES2303_leg1_DASALL.725_ran2023-08-02.Rda 
   saved compiledEffortTracks_OES2303.Rda and as .csv
   saved C:/users/selene.fregosi/documents/github/cruise-maps-live/data/OES2303/gpx/effortTracks_OES2303_leg1_DASALL.725.gpx 
   saved C:/users/selene.fregosi/documents/github/cruise-maps-live/data/OES2303/gpx/compiledEffortTracks_OES2303.gpx 
   saved newEffortPoints_OES2303_leg1_DASALL.725_ran2023-08-02.Rda 
   saved compiledEffortPoints_OES2303.Rda and as .csv
   saved newSightings_OES2303_leg1_DASALL.725_ran2023-08-02.Rda 
   saved compiledSightings_OES2303.Rda and as .csv
  DASALL.726 
   saved newEffortTracks_OES2303_leg1_DASALL.726_ran2023-08-02.Rda 
   saved compiledEffortTracks_OES2303.Rda and as .csv
   saved C:/users/selene.fregosi/documents/github/cruise-maps-live/data/OES2303/gpx/effortTracks_OES2303_leg1_DASALL.726.gpx 
   saved C:/users/selene.fregosi/documents/github/cruise-maps-live/data/OES2303/gpx/compiledEffortTracks_OES2303.gpx 
   saved newEffortPoints_OES2303_leg1_DASALL.726_ran2023-08-02.Rda 
   saved compiledEffortPoints_OES2303.Rda and as .csv
   saved newSightings_OES2303_leg1_DASALL.726_ran2023-08-02.Rda 
   saved compiledSightings_OES2303.Rda and as .csv
  DASALL.727 
   saved newEffortTracks_OES2303_leg1_DASALL.727_ran2023-08-02.Rda 
   saved compiledEffortTracks_OES2303.Rda and as .csv
   saved C:/users/selene.fregosi/documents/github/cruise-maps-live/data/OES2303/gpx/effortTracks_OES2303_leg1_DASALL.727.gpx 
   saved C:/users/selene.fregosi/documents/github/cruise-maps-live/data/OES2303/gpx/compiledEffortTracks_OES2303.gpx 
   saved newEffortPoints_OES2303_leg1_DASALL.727_ran2023-08-02.Rda 
   saved compiledEffortPoints_OES2303.Rda and as .csv
   saved newSightings_OES2303_leg1_DASALL.727_ran2023-08-02.Rda 
   saved compiledSightings_OES2303.Rda and as .csv
  DASALL.728 
   saved newEffortTracks_OES2303_leg1_DASALL.728_ran2023-08-02.Rda 
   saved compiledEffortTracks_OES2303.Rda and as .csv
   saved C:/users/selene.fregosi/documents/github/cruise-maps-live/data/OES2303/gpx/effortTracks_OES2303_leg1_DASALL.728.gpx 
   saved C:/users/selene.fregosi/documents/github/cruise-maps-live/data/OES2303/gpx/compiledEffortTracks_OES2303.gpx 
   saved newEffortPoints_OES2303_leg1_DASALL.728_ran2023-08-02.Rda 
   saved compiledEffortPoints_OES2303.Rda and as .csv
   saved newSightings_OES2303_leg1_DASALL.728_ran2023-08-02.Rda 
   saved compiledSightings_OES2303.Rda and as .csv
 Skipping acoustic detections...
 Updating summary table:
   saved summaryTable.Rda 
   saved summaryTable.png 
   saved summaryTable_OES2303_leg1_ran2023-08-02.png 
 Generating latest map:
   saved dailyMap as .png and .pdf
   saved dailyMap_OES2303_leg1_ran2023-08-02 as .png and .pdf
...run complete 2023-08-02 10:51:19 PDT ...
