
...run started 2023-08-04 12:55:22 PDT ...
 dir_wd = C:/users/selene.fregosi/documents/github/cruise-maps-live 
 Processing 6 new das files:
  DASALL.723 
   saved newEffortTracks_OES2303_leg1_DASALL.723_ran2023-08-04.Rda 
   saved compiledEffortTracks_OES2303.Rda and as .csv
   saved effortTracks_OES2303_leg1_DASALL.723.gpx 
   saved compiledEffortTracks_OES2303.gpx 
   saved newEffortPoints_OES2303_leg1_DASALL.723_ran2023-08-04.Rda 
   saved compiledEffortPoints_OES2303.Rda and as .csv
   saved newSightings_OES2303_leg1_DASALL.723_ran2023-08-04.Rda 
   saved compiledSightings_OES2303.Rda and as .csv
  DASALL.724 
   saved newEffortTracks_OES2303_leg1_DASALL.724_ran2023-08-04.Rda 
   saved compiledEffortTracks_OES2303.Rda and as .csv
   saved effortTracks_OES2303_leg1_DASALL.724.gpx 
   saved compiledEffortTracks_OES2303.gpx 
   saved newEffortPoints_OES2303_leg1_DASALL.724_ran2023-08-04.Rda 
   saved compiledEffortPoints_OES2303.Rda and as .csv
   saved newSightings_OES2303_leg1_DASALL.724_ran2023-08-04.Rda 
   saved compiledSightings_OES2303.Rda and as .csv
  DASALL.725 
   saved newEffortTracks_OES2303_leg1_DASALL.725_ran2023-08-04.Rda 
   saved compiledEffortTracks_OES2303.Rda and as .csv
   saved effortTracks_OES2303_leg1_DASALL.725.gpx 
   saved compiledEffortTracks_OES2303.gpx 
   saved newEffortPoints_OES2303_leg1_DASALL.725_ran2023-08-04.Rda 
   saved compiledEffortPoints_OES2303.Rda and as .csv
   saved newSightings_OES2303_leg1_DASALL.725_ran2023-08-04.Rda 
   saved compiledSightings_OES2303.Rda and as .csv
  DASALL.726 
   saved newEffortTracks_OES2303_leg1_DASALL.726_ran2023-08-04.Rda 
   saved compiledEffortTracks_OES2303.Rda and as .csv
   saved effortTracks_OES2303_leg1_DASALL.726.gpx 
   saved compiledEffortTracks_OES2303.gpx 
   saved newEffortPoints_OES2303_leg1_DASALL.726_ran2023-08-04.Rda 
   saved compiledEffortPoints_OES2303.Rda and as .csv
   saved newSightings_OES2303_leg1_DASALL.726_ran2023-08-04.Rda 
   saved compiledSightings_OES2303.Rda and as .csv
  DASALL.727 
   saved newEffortTracks_OES2303_leg1_DASALL.727_ran2023-08-04.Rda 
   saved compiledEffortTracks_OES2303.Rda and as .csv
   saved effortTracks_OES2303_leg1_DASALL.727.gpx 
   saved compiledEffortTracks_OES2303.gpx 
   saved newEffortPoints_OES2303_leg1_DASALL.727_ran2023-08-04.Rda 
   saved compiledEffortPoints_OES2303.Rda and as .csv
   saved newSightings_OES2303_leg1_DASALL.727_ran2023-08-04.Rda 
   saved compiledSightings_OES2303.Rda and as .csv
  DASALL.728 
   saved newEffortTracks_OES2303_leg1_DASALL.728_ran2023-08-04.Rda 
   saved compiledEffortTracks_OES2303.Rda and as .csv
   saved effortTracks_OES2303_leg1_DASALL.728.gpx 
   saved compiledEffortTracks_OES2303.gpx 
   saved newEffortPoints_OES2303_leg1_DASALL.728_ran2023-08-04.Rda 
   saved compiledEffortPoints_OES2303.Rda and as .csv
   saved newSightings_OES2303_leg1_DASALL.728_ran2023-08-04.Rda 
   saved compiledSightings_OES2303.Rda and as .csv
   saved acousticDetections_OES2303_leg1_ran2023-08-04.Rda 
   saved compiledDetections_OES2303.Rda and as .csv
 Updating summary table:
   saved summaryTable.Rda 
   saved summaryTable.png 
   saved summaryTable_OES2303_leg1_ran2023-08-04.png 
 Generating latest map of visual sightings:
   saved dailyMap_visuals as .png and .pdf
   saved dailyMap_visuals_OES2303_leg1_ran2023-08-04 as .png and .pdf
   saved dailyMap_visuals_CL as .png and .pdf
 Generating latest map of acoustic detections:
   saved dailyMap_acoustics as .png and .pdf
   saved dailyMap_acoustics_OES2303_leg1_ran2023-08-04 as .png and .pdf
...run complete 2023-08-04 12:59:47 PDT ...
