
...run started 2023-08-14 08:02:09 PDT ...
 dir_wd = C:/users/selene.fregosi/documents/github/cruise-maps-live 
 Processing 2 new das files:
  DASALL.812 
   saved newEffortTracks_OES2303_leg2_DASALL.812_ran2023-08-14.Rda 
   saved compiledEffortTracks_OES2303.Rda and as .csv
   saved effortTracks_OES2303_leg2_DASALL.812.gpx 
   saved compiledEffortTracks_OES2303.gpx 
   saved newEffortPoints_OES2303_leg2_DASALL.812_ran2023-08-14.Rda 
   saved compiledEffortPoints_OES2303.Rda and as .csv
   saved newSightings_OES2303_leg2_DASALL.812_ran2023-08-14.Rda 
   saved compiledSightings_OES2303.Rda and as .csv
  DASALL.813 
   saved newEffortTracks_OES2303_leg2_DASALL.813_ran2023-08-14.Rda 
   saved compiledEffortTracks_OES2303.Rda and as .csv
   saved effortTracks_OES2303_leg2_DASALL.813.gpx 
   saved compiledEffortTracks_OES2303.gpx 
   saved newEffortPoints_OES2303_leg2_DASALL.813_ran2023-08-14.Rda 
   saved compiledEffortPoints_OES2303.Rda and as .csv
   saved newSightings_OES2303_leg2_DASALL.813_ran2023-08-14.Rda 
   saved compiledSightings_OES2303.Rda and as .csv
   saved acousticDetections_OES2303_leg2_ran2023-08-14.Rda 
   saved compiledDetections_OES2303.Rda and as .csv
 Updating summary table:
   saved summaryTable.Rda 
   saved summaryTable.png 
   saved summaryTable_OES2303_leg2_ran2023-08-14.png 
 Generating latest map of visual sightings:
   saved dailyMap_visuals as .png and .pdf
   saved summaryTable_OES2303_leg2_ran2023-08-14.png and as .csv
   saved dailyMap_visuals_CL as .png and .pdf
   saved dailyMap_visuals_OES2303_leg2_ran2023-08-14 as .png and .pdf
 Generating latest map of acoustic detections:
   saved dailyMap_acoustics as .png and .pdf
   saved dailyMap_acoustics_OES2303_leg2_ran2023-08-14 as .png and .pdf
...run complete 2023-08-14 08:04:07 PDT ...
