
...run started 2023-09-06 06:16:15 PDT ...
 dir_wd = C:/users/selene.fregosi/documents/github/cruise-maps-live 
 No new das files to process. Exiting.
...run complete 2023-09-06 06:16:19 PDT ...

...run started 2023-09-06 06:20:42 PDT ...
 dir_wd = C:/users/selene.fregosi/documents/github/cruise-maps-live 
integer(0)

...run started 2023-09-06 06:22:33 PDT ...
 dir_wd = C:/users/selene.fregosi/documents/github/cruise-maps-live 
 Processing 1 new das files:
  DASALL.831 
   saved newEffortTracks_OES2303_leg2_DASALL.831_ran2023-09-06.Rda 
   saved compiledEffortTracks_OES2303.Rda and as .csv
   saved effortTracks_OES2303_leg2_DASALL.831.gpx 
   saved compiledEffortTracks_OES2303.gpx 
   saved newEffortPoints_OES2303_leg2_DASALL.831_ran2023-09-06.Rda 
   saved compiledEffortPoints_OES2303.Rda and as .csv
   saved newSightings_OES2303_leg2_DASALL.831_ran2023-09-06.Rda 
   saved compiledSightings_OES2303.Rda and as .csv
   saved acousticDetections_OES2303_leg2_ran2023-09-06.Rda 
   saved compiledDetections_OES2303.Rda and as .csv
 Updating summary table:
   saved summaryTable.Rda 
   saved summaryTable.png 
   saved summaryTable_OES2303_leg2_ran2023-09-06.png 
 Generating latest map of visual sightings:
   saved dailyMap_visuals as .png and .pdf
   saved summaryTable_OES2303_leg2_ran2023-09-06.png and as .csv
   saved dailyMap_visuals_CL as .png and .pdf
   saved dailyMap_visuals_OES2303_leg2_ran2023-09-06 as .png and .pdf
 Generating latest map of acoustic detections:
   saved dailyMap_acoustics as .png and .pdf
   saved dailyMap_acoustics_OES2303_leg2_ran2023-09-06 as .png and .pdf
...run complete 2023-09-06 06:25:08 PDT ...

...run started 2023-09-06 07:15:03 PDT ...
 dir_wd = C:/users/selene.fregosi/documents/github/cruise-maps-live 
 dir_wd = C:/users/selene.fregosi/documents/github/cruise-maps-live 

...run started 2023-09-06 07:16:18 PDT ...
 dir_wd = C:/users/selene.fregosi/documents/github/cruise-maps-live 
 No new das or acoustic files to process. Exiting.
...run complete 2023-09-06 07:16:23 PDT ...

...run started 2023-09-06 07:17:16 PDT ...
 dir_wd = C:/users/selene.fregosi/documents/github/cruise-maps-live 

...run started 2023-09-06 07:23:32 PDT ...
 dir_wd = C:/users/selene.fregosi/documents/github/cruise-maps-live 

...run started 2023-09-06 07:23:54 PDT ...
 dir_wd = C:/users/selene.fregosi/documents/github/cruise-maps-live 
[1] NA
# A dribble: 1 × 3
  name                              id       drive_resource
  <chr>                             <drv_id> <list>        
1 PAM20207b_HICEAS_Recording_Sette… 1k6xLBv… <named list>  
[1] "SetteLeg2"
[1] FALSE
[1] FALSE
[1] TRUE
[1] NA
[1] "2023-09-06T03:03:07.979Z"
[1] NA
[1] TRUE

...run started 2023-09-06 07:26:39 PDT ...
 dir_wd = C:/users/selene.fregosi/documents/github/cruise-maps-live 
[1] FALSE
[1] FALSE
[1] TRUE
[1] FALSE
[1] "2023-09-06 07:27:36 PDT"
[1] FALSE
[1] 0
[1] FALSE

...run started 2023-09-06 07:32:10 PDT ...
 dir_wd = C:/users/selene.fregosi/documents/github/cruise-maps-live 

...run started 2023-09-06 07:33:50 PDT ...
 dir_wd = C:/users/selene.fregosi/documents/github/cruise-maps-live 
 No new das or acoustic files to process. Exiting.
...run complete 2023-09-06 07:33:54 PDT ...

...run started 2023-09-06 07:34:49 PDT ...
 dir_wd = C:/users/selene.fregosi/documents/github/cruise-maps-live 
 No new das files to process. Proceeding to acoustics...
 Processing updated acoustic database:
   saved acousticDetections_OES2303_leg2_ran2023-09-06.Rda 

...run started 2023-09-06 08:06:27 PDT ...
 dir_wd = C:/users/selene.fregosi/documents/github/cruise-maps-live 
 No new das or acoustic files to process. Exiting.
...run complete 2023-09-06 08:06:31 PDT ...
