
...run started 2023-08-07 08:02:03 PDT ...
 dir_wd = C:/users/selene.fregosi/documents/github/cruise-maps-live 
 Processing 1 new das files:
  DASALL.806 
   saved newEffortTracks_OES2303_leg2_DASALL.806_ran2023-08-07.Rda 
   saved compiledEffortTracks_OES2303.Rda and as .csv
   saved effortTracks_OES2303_leg2_DASALL.806.gpx 
   saved compiledEffortTracks_OES2303.gpx 
   saved newEffortPoints_OES2303_leg2_DASALL.806_ran2023-08-07.Rda 
   saved compiledEffortPoints_OES2303.Rda and as .csv
   saved newSightings_OES2303_leg2_DASALL.806_ran2023-08-07.Rda 
   saved compiledSightings_OES2303.Rda and as .csv
No PAM file!! Skipping any new acoustic detections.   saved compiledDetections_OES2303.Rda and as .csv
 Updating summary table:
   saved summaryTable.Rda 
   saved summaryTable.png 
   saved summaryTable_OES2303_leg2_ran2023-08-07.png 
 Generating latest map of visual sightings:
   saved dailyMap_visuals as .png and .pdf
   saved dailyMap_visuals_OES2303_leg2_ran2023-08-07 as .png and .pdf
   saved summaryTable_OES2303_leg2_ran2023-08-07.png and as .csv
   saved dailyMap_visuals_CL as .png and .pdf
 Generating latest map of acoustic detections:
   saved dailyMap_acoustics as .png and .pdf
   saved dailyMap_acoustics_OES2303_leg2_ran2023-08-07 as .png and .pdf
...run complete 2023-08-07 08:03:28 PDT ...
