
...run started 2023-06-30 17:43:34 PDT ...
 dir_wd = C:/users/selene.fregosi/documents/github/cruise-maps-live/ 

...run started 2023-06-30 17:43:54 PDT ...
 dir_wd = C:/users/selene.fregosi/documents/github/cruise-maps-live/ 
 Processing 0 new das files:
  DASALL.731 
   saved outputs/data_snapshots/newEffortTracks_2017_leg00_OES_2023-06-30.Rda 
   saved outputs/compiledEffortTracks_2017_leg00_OES as .Rda and .csv
   saved outputs/data_snapshots/newEffortPoints_2017_leg00_OES_2023-06-30.Rda 
   saved outputs/compiledEffortPoints_2017_leg00_OES as .Rda and .csv
   saved outputs/compiledEffortPoints_2017_leg00_OES as .Rda and .csv
   saved outputs/data_snapshots/newSightings_2017_leg00_OES_2023-06-30.Rda 

...run started 2023-06-30 19:13:17 PDT ...
 dir_wd = C:/users/selene.fregosi/documents/github/cruise-maps-live/ 
 Processing 0 new das files:
  DASALL.731 
   saved outputs/data_snapshots/newEffortTracks_2017_leg00_OES_2023-06-30.Rda 
   saved outputs/compiledEffortTracks_2017_leg00_OES as .Rda and .csv
   saved outputs/data_snapshots/newEffortPoints_2017_leg00_OES_2023-06-30.Rda 
   saved outputs/compiledEffortPoints_2017_leg00_OES as .Rda and .csv
   saved outputs/data_snapshots/newSightings_2017_leg00_OES_2023-06-30.Rda 
   saved outputs/compiledSightings_2017_leg00_OES as .Rda and .csv
   saved outputs/summaryTable_2017.Rda 
   saved outputs/summaryTable_2017_leg00_OES.png 
   saved outputs/table_archive/summaryTable_2017_leg00_OES_2023-06-30.png 
   saved outputs/dailyMap_2017_leg00_OES.png 
   saved outputs/map_archive/dailyMap_2017_leg00_OES_2023-06-30.png 
   saved outputs/dailyMap_2017_leg00_OES.pdf 
   saved outputs/map_archive/dailyMap_2017_leg00_OES_2023-06-30.pdf 
...run complete 2023-06-30 19:13:57 PDT ...

...run started 2023-06-30 19:16:49 PDT ...
 dir_wd = C:/users/selene.fregosi/documents/github/cruise-maps-live/ 
 Processing 0 new das files:
  DASALL.731 

...run started 2023-06-30 19:17:00 PDT ...
 dir_wd = C:/users/selene.fregosi/documents/github/cruise-maps-live/ 
 Processing 0 new das files:
  DASALL.731 

...run started 2023-06-30 19:17:39 PDT ...
 dir_wd = C:/users/selene.fregosi/documents/github/cruise-maps-live/ 
 Processing 0 new das files:
  DASALL.731 

...run started 2023-06-30 19:18:06 PDT ...
 dir_wd = C:/users/selene.fregosi/documents/github/cruise-maps-live/ 
 Processing 0 new das files:
  DASALL.731 
   saved outputs/data_snapshots/newEffortTracks_2017_leg00_OES_2023-06-30.Rda 
   saved outputs/compiledEffortTracks_2017_leg00_OES as .Rda and .csv
   saved outputs/data_snapshots/newEffortPoints_2017_leg00_OES_2023-06-30.Rda 
   saved outputs/compiledEffortPoints_2017_leg00_OES as .Rda and .csv
   saved outputs/data_snapshots/newSightings_2017_leg00_OES_2023-06-30.Rda 
   saved outputs/compiledSightings_2017_leg00_OES as .Rda and .csv
   saved outputs/summaryTable_2017.Rda 
   saved outputs/summaryTable_2017_leg00_OES.png 
   saved outputs/table_archive/summaryTable_2017_leg00_OES_2023-06-30.png 
   saved outputs/dailyMap_2017_leg00_OES.png 
   saved outputs/map_archive/dailyMap_2017_leg00_OES_2023-06-30.png 
   saved outputs/dailyMap_2017_leg00_OES.pdf 
   saved outputs/map_archive/dailyMap_2017_leg00_OES_2023-06-30.pdf 
...run complete 2023-06-30 19:18:53 PDT ...

...run started 2023-06-30 19:20:08 PDT ...
 dir_wd = C:/users/selene.fregosi/documents/github/cruise-maps-live/ 

...run started 2023-06-30 19:21:45 PDT ...
 dir_wd = C:/users/selene.fregosi/documents/github/cruise-maps-live/ 
[1] "raster, viridis, plotKML, rgdal, rgeos, ggsn, cowplot, ggnewscale,"
