
...run started 2023-07-04 10:30:16 PDT ...
 dir_wd = C:/users/selene.fregosi/documents/github/cruise-maps-live/ 
 Processing 0 new das files:
  DASALL.731 

...run started 2023-07-04 10:32:37 PDT ...
 dir_wd = C:/users/selene.fregosi/documents/github/cruise-maps-live/ 
 Processing 0 new das files:
  DASALL.731 
   saved outputs/data_snapshots/newEffortTracks_2017_leg00_OES_2023-07-04.Rda 
   saved outputs/compiledEffortTracks_2017_leg00_OES as .Rda and .csv
   saved outputs/data_snapshots/newEffortPoints_2017_leg00_OES_2023-07-04.Rda 
   saved outputs/compiledEffortPoints_2017_leg00_OES as .Rda and .csv

...run started 2023-07-04 10:33:45 PDT ...
 dir_wd = C:/users/selene.fregosi/documents/github/cruise-maps-live/ 
 Processing 0 new das files:
  DASALL.731 
   saved outputs/data_snapshots/newEffortTracks_2017_leg00_OES_2023-07-04.Rda 
   saved outputs/compiledEffortTracks_2017_leg00_OES as .Rda and .csv
   saved outputs/data_snapshots/newEffortPoints_2017_leg00_OES_2023-07-04.Rda 
   saved outputs/compiledEffortPoints_2017_leg00_OES as .Rda and .csv
   saved outputs/data_snapshots/newSightings_2017_leg00_OES_2023-07-04.Rda 
   saved outputs/compiledSightings_2017_leg00_OES as .Rda and .csv

...run started 2023-07-04 10:43:11 PDT ...
 dir_wd = C:/users/selene.fregosi/documents/github/cruise-maps-live/ 
 Processing 0 new das files:
  DASALL.731 
   saved outputs/data_snapshots/newEffortTracks_2017_leg00_OES_2023-07-04.Rda 
   saved outputs/compiledEffortTracks_2017_leg00_OES as .Rda and .csv
   saved outputs/data_snapshots/newEffortPoints_2017_leg00_OES_2023-07-04.Rda 
   saved outputs/compiledEffortPoints_2017_leg00_OES as .Rda and .csv
   saved outputs/data_snapshots/newSightings_2017_leg00_OES_2023-07-04.Rda 
   saved outputs/compiledSightings_2017_leg00_OES as .Rda and .csv

...run started 2023-07-04 10:44:54 PDT ...
 dir_wd = C:/users/selene.fregosi/documents/github/cruise-maps-live/ 
 Processing 0 new das files:
  DASALL.731 
   saved outputs/data_snapshots/newEffortTracks_2017_leg00_OES_2023-07-04.Rda 
   saved outputs/compiledEffortTracks_2017_leg00_OES as .Rda and .csv
   saved outputs/data_snapshots/newEffortPoints_2017_leg00_OES_2023-07-04.Rda 
   saved outputs/compiledEffortPoints_2017_leg00_OES as .Rda and .csv
   saved outputs/data_snapshots/newSightings_2017_leg00_OES_2023-07-04.Rda 
   saved outputs/compiledSightings_2017_leg00_OES as .Rda and .csv
   saved outputs/summaryTable_2017.Rda 

...run started 2023-07-04 10:54:36 PDT ...
 dir_wd = C:/users/selene.fregosi/documents/github/cruise-maps-live/ 
 Processing 0 new das files:
  DASALL.731 
   saved outputs/data_snapshots/newEffortTracks_2017_leg00_OES_2023-07-04.Rda 
   saved outputs/compiledEffortTracks_2017_leg00_OES as .Rda and .csv
   saved outputs/data_snapshots/newEffortPoints_2017_leg00_OES_2023-07-04.Rda 
   saved outputs/compiledEffortPoints_2017_leg00_OES as .Rda and .csv
   saved outputs/data_snapshots/newSightings_2017_leg00_OES_2023-07-04.Rda 
   saved outputs/compiledSightings_2017_leg00_OES as .Rda and .csv
   saved outputs/summaryTable_2017.Rda 
   saved outputs/summaryTable_2017_leg00_OES.png 
   saved outputs/table_archive/summaryTable_2017_leg00_OES_2023-07-04.png 

...run started 2023-07-04 11:07:15 PDT ...
 dir_wd = C:/users/selene.fregosi/documents/github/cruise-maps-live/ 
 Processing 0 new das files:
  DASALL.731 
   saved outputs/data_snapshots/newEffortTracks_2017_leg00_OES_2023-07-04.Rda 
   saved outputs/compiledEffortTracks_2017_leg00_OES as .Rda and .csv
   saved outputs/data_snapshots/newEffortPoints_2017_leg00_OES_2023-07-04.Rda 
   saved outputs/compiledEffortPoints_2017_leg00_OES as .Rda and .csv
   saved outputs/data_snapshots/newSightings_2017_leg00_OES_2023-07-04.Rda 
   saved outputs/compiledSightings_2017_leg00_OES as .Rda and .csv
   saved outputs/summaryTable_2017.Rda 
   saved outputs/summaryTable_2017_leg00_OES.png 
   saved outputs/table_archive/summaryTable_2017_leg00_OES_2023-07-04.png 

...run started 2023-07-04 11:09:03 PDT ...
 dir_wd = C:/users/selene.fregosi/documents/github/cruise-maps-live/ 

...run started 2023-07-04 11:09:46 PDT ...
 dir_wd = C:/users/selene.fregosi/documents/github/cruise-maps-live/ 

...run started 2023-07-04 11:09:51 PDT ...
 dir_wd = C:/users/selene.fregosi/documents/github/cruise-maps-live/ 

...run started 2023-07-04 11:09:54 PDT ...
 dir_wd = C:/users/selene.fregosi/documents/github/cruise-maps-live/ 

...run started 2023-07-04 11:09:57 PDT ...
 dir_wd = C:/users/selene.fregosi/documents/github/cruise-maps-live/ 

...run started 2023-07-04 11:10:30 PDT ...
 dir_wd = C:/users/selene.fregosi/documents/github/cruise-maps-live/ 

...run started 2023-07-04 11:17:47 PDT ...
 dir_wd = C:/users/selene.fregosi/documents/github/cruise-maps-live/ 
 Processing 0 new das files:
  DASALL.731 
   saved outputs/data_snapshots/newEffortTracks_2017_leg00_OES_2023-07-04.Rda 
   saved outputs/compiledEffortTracks_2017_leg00_OES as .Rda and .csv
   saved outputs/data_snapshots/newEffortPoints_2017_leg00_OES_2023-07-04.Rda 
   saved outputs/compiledEffortPoints_2017_leg00_OES as .Rda and .csv
   saved outputs/data_snapshots/newSightings_2017_leg00_OES_2023-07-04.Rda 
   saved outputs/compiledSightings_2017_leg00_OES as .Rda and .csv
   saved outputs/summaryTable_2017.Rda 
   saved outputs/summaryTable_2017_leg00_OES.png 
   saved outputs/table_archive/summaryTable_2017_leg00_OES_2023-07-04.png 

...run started 2023-07-04 11:20:44 PDT ...
 dir_wd = C:/users/selene.fregosi/documents/github/cruise-maps-live/ 
 Processing 0 new das files:
  DASALL.731 
   saved outputs/data_snapshots/newEffortTracks_2017_leg00_OES_2023-07-04.Rda 
   saved outputs/compiledEffortTracks_2017_leg00_OES as .Rda and .csv
   saved outputs/data_snapshots/newEffortPoints_2017_leg00_OES_2023-07-04.Rda 
   saved outputs/compiledEffortPoints_2017_leg00_OES as .Rda and .csv
   saved outputs/data_snapshots/newSightings_2017_leg00_OES_2023-07-04.Rda 
   saved outputs/compiledSightings_2017_leg00_OES as .Rda and .csv
   saved outputs/summaryTable_2017.Rda 
   saved outputs/summaryTable_2017_leg00_OES.png 
   saved outputs/table_archive/summaryTable_2017_leg00_OES_2023-07-04.png 

...run started 2023-07-04 11:29:23 PDT ...
 dir_wd = C:/users/selene.fregosi/documents/github/cruise-maps-live/ 
[1] 2
 Processing 0 new das files:
  DASALL.731 
   saved outputs/data_snapshots/newEffortTracks_2017_leg00_OES_2023-07-04.Rda 
   saved outputs/compiledEffortTracks_2017_leg00_OES as .Rda and .csv
   saved outputs/data_snapshots/newEffortPoints_2017_leg00_OES_2023-07-04.Rda 
   saved outputs/compiledEffortPoints_2017_leg00_OES as .Rda and .csv
   saved outputs/data_snapshots/newSightings_2017_leg00_OES_2023-07-04.Rda 
   saved outputs/compiledSightings_2017_leg00_OES as .Rda and .csv
   saved outputs/summaryTable_2017.Rda 
[1] "C:/users/selene.fregosi/documents/github/cruise-maps-live/outputs/summaryTable_2017_leg00_OES.png"
[1] "C:/users/selene.fregosi/documents/github/cruise-maps-live/outputs/table_archive/summaryTable_2017_leg00_OES_2023-07-04.png"
   saved outputs/summaryTable_2017_leg00_OES.png 
   saved outputs/table_archive/summaryTable_2017_leg00_OES_2023-07-04.png 

...run started 2023-07-04 11:32:07 PDT ...
 dir_wd = C:/users/selene.fregosi/documents/github/cruise-maps-live/ 
[1] 2
 Processing 0 new das files:
  DASALL.731 
   saved outputs/data_snapshots/newEffortTracks_2017_leg00_OES_2023-07-04.Rda 
   saved outputs/compiledEffortTracks_2017_leg00_OES as .Rda and .csv
   saved outputs/data_snapshots/newEffortPoints_2017_leg00_OES_2023-07-04.Rda 
   saved outputs/compiledEffortPoints_2017_leg00_OES as .Rda and .csv
   saved outputs/data_snapshots/newSightings_2017_leg00_OES_2023-07-04.Rda 
   saved outputs/compiledSightings_2017_leg00_OES as .Rda and .csv
   saved outputs/summaryTable_2017.Rda 
[1] "C:/users/selene.fregosi/documents/github/cruise-maps-live/outputs/summaryTable_2017_leg00_OES.png"
[1] "C:/users/selene.fregosi/documents/github/cruise-maps-live/outputs/table_archive/summaryTable_2017_leg00_OES_2023-07-04.png"
   saved outputs/summaryTable_2017_leg00_OES.png 
   saved outputs/table_archive/summaryTable_2017_leg00_OES_2023-07-04.png 

...run started 2023-07-04 11:33:57 PDT ...
 dir_wd = C:/users/selene.fregosi/documents/github/cruise-maps-live/ 
[1] 2
 Processing 0 new das files:
  DASALL.731 
   saved outputs/data_snapshots/newEffortTracks_2017_leg00_OES_2023-07-04.Rda 
   saved outputs/compiledEffortTracks_2017_leg00_OES as .Rda and .csv
   saved outputs/data_snapshots/newEffortPoints_2017_leg00_OES_2023-07-04.Rda 
   saved outputs/compiledEffortPoints_2017_leg00_OES as .Rda and .csv
   saved outputs/data_snapshots/newSightings_2017_leg00_OES_2023-07-04.Rda 
   saved outputs/compiledSightings_2017_leg00_OES as .Rda and .csv
   saved outputs/summaryTable_2017.Rda 
[1] "C:/users/selene.fregosi/documents/github/cruise-maps-live/outputs/summaryTable_2017_leg00_OES.png"
[1] "C:/users/selene.fregosi/documents/github/cruise-maps-live/outputs/table_archive/summaryTable_2017_leg00_OES_2023-07-04.png"
   saved outputs/summaryTable_2017_leg00_OES.png 
   saved outputs/table_archive/summaryTable_2017_leg00_OES_2023-07-04.png 

...run started 2023-07-04 11:35:48 PDT ...
 dir_wd = C:/users/selene.fregosi/documents/github/cruise-maps-live/ 
[1] 2
 Processing 0 new das files:
  DASALL.731 
   saved outputs/data_snapshots/newEffortTracks_2017_leg00_OES_2023-07-04.Rda 
   saved outputs/compiledEffortTracks_2017_leg00_OES as .Rda and .csv
   saved outputs/data_snapshots/newEffortPoints_2017_leg00_OES_2023-07-04.Rda 
   saved outputs/compiledEffortPoints_2017_leg00_OES as .Rda and .csv
   saved outputs/data_snapshots/newSightings_2017_leg00_OES_2023-07-04.Rda 
   saved outputs/compiledSightings_2017_leg00_OES as .Rda and .csv
   saved outputs/summaryTable_2017.Rda 
[1] "C:/users/selene.fregosi/documents/github/cruise-maps-live/outputs/summaryTable_2017_leg00_OES.png"
[1] "C:/users/selene.fregosi/documents/github/cruise-maps-live/outputs/table_archive/summaryTable_2017_leg00_OES_2023-07-04.png"
   saved outputs/summaryTable_2017_leg00_OES.png 
   saved outputs/table_archive/summaryTable_2017_leg00_OES_2023-07-04.png 

...run started 2023-07-04 11:37:20 PDT ...
 dir_wd = C:/users/selene.fregosi/documents/github/cruise-maps-live/ 

...run started 2023-07-04 11:39:39 PDT ...
 dir_wd = C:/users/selene.fregosi/documents/github/cruise-maps-live/ 
[1] 2
 Processing 0 new das files:
  DASALL.731 
   saved outputs/data_snapshots/newEffortTracks_2017_leg00_OES_2023-07-04.Rda 
   saved outputs/compiledEffortTracks_2017_leg00_OES as .Rda and .csv
   saved outputs/data_snapshots/newEffortPoints_2017_leg00_OES_2023-07-04.Rda 
   saved outputs/compiledEffortPoints_2017_leg00_OES as .Rda and .csv
   saved outputs/data_snapshots/newSightings_2017_leg00_OES_2023-07-04.Rda 
   saved outputs/compiledSightings_2017_leg00_OES as .Rda and .csv
   saved outputs/summaryTable_2017.Rda 
[1] "C:/users/selene.fregosi/documents/github/cruise-maps-live/outputs/summaryTable_2017_leg00_OES.png"
[1] "C:/users/selene.fregosi/documents/github/cruise-maps-live/outputs/table_archive/summaryTable_2017_leg00_OES_2023-07-04.png"
   saved outputs/summaryTable_2017_leg00_OES.png 
   saved outputs/table_archive/summaryTable_2017_leg00_OES_2023-07-04.png 

...run started 2023-07-04 11:41:04 PDT ...
 dir_wd = C:/users/selene.fregosi/documents/github/cruise-maps-live/ 
[1] 2
 Processing 0 new das files:
  DASALL.731 
   saved outputs/data_snapshots/newEffortTracks_2017_leg00_OES_2023-07-04.Rda 
   saved outputs/compiledEffortTracks_2017_leg00_OES as .Rda and .csv
   saved outputs/data_snapshots/newEffortPoints_2017_leg00_OES_2023-07-04.Rda 
   saved outputs/compiledEffortPoints_2017_leg00_OES as .Rda and .csv
   saved outputs/data_snapshots/newSightings_2017_leg00_OES_2023-07-04.Rda 
   saved outputs/compiledSightings_2017_leg00_OES as .Rda and .csv
   saved outputs/summaryTable_2017.Rda 
[1] "C:/users/selene.fregosi/documents/github/cruise-maps-live/outputs/summaryTable_2017_leg00_OES.png"
[1] "C:/users/selene.fregosi/documents/github/cruise-maps-live/outputs/table_archive/summaryTable_2017_leg00_OES_2023-07-04.png"
   saved outputs/summaryTable_2017_leg00_OES.png 
   saved outputs/table_archive/summaryTable_2017_leg00_OES_2023-07-04.png 

...run started 2023-07-04 11:41:31 PDT ...
 dir_wd = C:/users/selene.fregosi/documents/github/cruise-maps-live/ 
[1] 2
 Processing 0 new das files:
  DASALL.731 
   saved outputs/data_snapshots/newEffortTracks_2017_leg00_OES_2023-07-04.Rda 
   saved outputs/compiledEffortTracks_2017_leg00_OES as .Rda and .csv
   saved outputs/data_snapshots/newEffortPoints_2017_leg00_OES_2023-07-04.Rda 
   saved outputs/compiledEffortPoints_2017_leg00_OES as .Rda and .csv
   saved outputs/data_snapshots/newSightings_2017_leg00_OES_2023-07-04.Rda 
   saved outputs/compiledSightings_2017_leg00_OES as .Rda and .csv
   saved outputs/summaryTable_2017.Rda 
[1] "C:/users/selene.fregosi/documents/github/cruise-maps-live/outputs/summaryTable_2017_leg00_OES.png"
[1] "C:/users/selene.fregosi/documents/github/cruise-maps-live/outputs/table_archive/summaryTable_2017_leg00_OES_2023-07-04.png"
   saved outputs/summaryTable_2017_leg00_OES.png 
   saved outputs/table_archive/summaryTable_2017_leg00_OES_2023-07-04.png 

...run started 2023-07-04 11:42:10 PDT ...
 dir_wd = C:/users/selene.fregosi/documents/github/cruise-maps-live/ 
[1] 2
 Processing 0 new das files:
  DASALL.731 
   saved outputs/data_snapshots/newEffortTracks_2017_leg00_OES_2023-07-04.Rda 
   saved outputs/compiledEffortTracks_2017_leg00_OES as .Rda and .csv
   saved outputs/data_snapshots/newEffortPoints_2017_leg00_OES_2023-07-04.Rda 
   saved outputs/compiledEffortPoints_2017_leg00_OES as .Rda and .csv
   saved outputs/data_snapshots/newSightings_2017_leg00_OES_2023-07-04.Rda 
   saved outputs/compiledSightings_2017_leg00_OES as .Rda and .csv
   saved outputs/summaryTable_2017.Rda 
[1] "C:/users/selene.fregosi/documents/github/cruise-maps-live/outputs/summaryTable_2017_leg00_OES.png"
[1] "C:/users/selene.fregosi/documents/github/cruise-maps-live/outputs/table_archive/summaryTable_2017_leg00_OES_2023-07-04.png"
   saved outputs/summaryTable_2017_leg00_OES.png 
   saved outputs/table_archive/summaryTable_2017_leg00_OES_2023-07-04.png 
made it to plotMap line 33
...run started 2023-07-04 11:44:53 PDT ...
 dir_wd = C:/users/selene.fregosi/documents/github/cruise-maps-live/ 
[1] 2
 Processing 0 new das files:
  DASALL.731 
   saved outputs/data_snapshots/newEffortTracks_2017_leg00_OES_2023-07-04.Rda 
   saved outputs/compiledEffortTracks_2017_leg00_OES as .Rda and .csv
   saved outputs/data_snapshots/newEffortPoints_2017_leg00_OES_2023-07-04.Rda 
   saved outputs/compiledEffortPoints_2017_leg00_OES as .Rda and .csv
   saved outputs/data_snapshots/newSightings_2017_leg00_OES_2023-07-04.Rda 
   saved outputs/compiledSightings_2017_leg00_OES as .Rda and .csv
   saved outputs/summaryTable_2017.Rda 
[1] "C:/users/selene.fregosi/documents/github/cruise-maps-live/outputs/summaryTable_2017_leg00_OES.png"
[1] "C:/users/selene.fregosi/documents/github/cruise-maps-live/outputs/table_archive/summaryTable_2017_leg00_OES_2023-07-04.png"
   saved outputs/summaryTable_2017_leg00_OES.png 
   saved outputs/table_archive/summaryTable_2017_leg00_OES_2023-07-04.png 
made it to THIS FAR - 101
...run started 2023-07-04 11:46:45 PDT ...
 dir_wd = C:/users/selene.fregosi/documents/github/cruise-maps-live/ 
[1] 2
 Processing 0 new das files:
  DASALL.731 
   saved outputs/data_snapshots/newEffortTracks_2017_leg00_OES_2023-07-04.Rda 
   saved outputs/compiledEffortTracks_2017_leg00_OES as .Rda and .csv
   saved outputs/data_snapshots/newEffortPoints_2017_leg00_OES_2023-07-04.Rda 
   saved outputs/compiledEffortPoints_2017_leg00_OES as .Rda and .csv
   saved outputs/data_snapshots/newSightings_2017_leg00_OES_2023-07-04.Rda 
   saved outputs/compiledSightings_2017_leg00_OES as .Rda and .csv
   saved outputs/summaryTable_2017.Rda 
[1] "C:/users/selene.fregosi/documents/github/cruise-maps-live/outputs/summaryTable_2017_leg00_OES.png"
[1] "C:/users/selene.fregosi/documents/github/cruise-maps-live/outputs/table_archive/summaryTable_2017_leg00_OES_2023-07-04.png"
   saved outputs/summaryTable_2017_leg00_OES.png 
   saved outputs/table_archive/summaryTable_2017_leg00_OES_2023-07-04.png 

...run started 2023-07-04 11:52:33 PDT ...
 dir_wd = C:/users/selene.fregosi/documents/github/cruise-maps-live/ 
[1] 2
 Processing 0 new das files:
  DASALL.731 
   saved outputs/data_snapshots/newEffortTracks_2017_leg00_OES_2023-07-04.Rda 
   saved outputs/compiledEffortTracks_2017_leg00_OES as .Rda and .csv
   saved outputs/data_snapshots/newEffortPoints_2017_leg00_OES_2023-07-04.Rda 
   saved outputs/compiledEffortPoints_2017_leg00_OES as .Rda and .csv
   saved outputs/data_snapshots/newSightings_2017_leg00_OES_2023-07-04.Rda 
   saved outputs/compiledSightings_2017_leg00_OES as .Rda and .csv
   saved outputs/summaryTable_2017.Rda 
[1] "C:/users/selene.fregosi/documents/github/cruise-maps-live/outputs/summaryTable_2017_leg00_OES.png"
[1] "C:/users/selene.fregosi/documents/github/cruise-maps-live/outputs/table_archive/summaryTable_2017_leg00_OES_2023-07-04.png"
   saved outputs/summaryTable_2017_leg00_OES.png 
   saved outputs/table_archive/summaryTable_2017_leg00_OES_2023-07-04.png 
made it to THIS FAR - 116
...run started 2023-07-04 11:53:29 PDT ...
 dir_wd = C:/users/selene.fregosi/documents/github/cruise-maps-live/ 
[1] 2
 Processing 0 new das files:
  DASALL.731 
   saved outputs/data_snapshots/newEffortTracks_2017_leg00_OES_2023-07-04.Rda 
   saved outputs/compiledEffortTracks_2017_leg00_OES as .Rda and .csv
   saved outputs/data_snapshots/newEffortPoints_2017_leg00_OES_2023-07-04.Rda 
   saved outputs/compiledEffortPoints_2017_leg00_OES as .Rda and .csv
   saved outputs/data_snapshots/newSightings_2017_leg00_OES_2023-07-04.Rda 
   saved outputs/compiledSightings_2017_leg00_OES as .Rda and .csv
   saved outputs/summaryTable_2017.Rda 
[1] "C:/users/selene.fregosi/documents/github/cruise-maps-live/outputs/summaryTable_2017_leg00_OES.png"
[1] "C:/users/selene.fregosi/documents/github/cruise-maps-live/outputs/table_archive/summaryTable_2017_leg00_OES_2023-07-04.png"
   saved outputs/summaryTable_2017_leg00_OES.png 
   saved outputs/table_archive/summaryTable_2017_leg00_OES_2023-07-04.png 
made it to THIS FAR - 116
...run started 2023-07-04 11:56:20 PDT ...
 dir_wd = C:/users/selene.fregosi/documents/github/cruise-maps-live/ 
[1] 2
 Processing 0 new das files:
  DASALL.731 
   saved outputs/data_snapshots/newEffortTracks_2017_leg00_OES_2023-07-04.Rda 
   saved outputs/compiledEffortTracks_2017_leg00_OES as .Rda and .csv
   saved outputs/data_snapshots/newEffortPoints_2017_leg00_OES_2023-07-04.Rda 
   saved outputs/compiledEffortPoints_2017_leg00_OES as .Rda and .csv
   saved outputs/data_snapshots/newSightings_2017_leg00_OES_2023-07-04.Rda 
   saved outputs/compiledSightings_2017_leg00_OES as .Rda and .csv
   saved outputs/summaryTable_2017.Rda 
[1] "C:/users/selene.fregosi/documents/github/cruise-maps-live/outputs/summaryTable_2017_leg00_OES.png"
[1] "C:/users/selene.fregosi/documents/github/cruise-maps-live/outputs/table_archive/summaryTable_2017_leg00_OES_2023-07-04.png"
   saved outputs/summaryTable_2017_leg00_OES.png 
   saved outputs/table_archive/summaryTable_2017_leg00_OES_2023-07-04.png 

...run started 2023-07-04 11:57:19 PDT ...
 dir_wd = C:/users/selene.fregosi/documents/github/cruise-maps-live/ 
[1] 2
 Processing 0 new das files:
  DASALL.731 
   saved outputs/data_snapshots/newEffortTracks_2017_leg00_OES_2023-07-04.Rda 
   saved outputs/compiledEffortTracks_2017_leg00_OES as .Rda and .csv
   saved outputs/data_snapshots/newEffortPoints_2017_leg00_OES_2023-07-04.Rda 
   saved outputs/compiledEffortPoints_2017_leg00_OES as .Rda and .csv
   saved outputs/data_snapshots/newSightings_2017_leg00_OES_2023-07-04.Rda 
   saved outputs/compiledSightings_2017_leg00_OES as .Rda and .csv
   saved outputs/summaryTable_2017.Rda 
[1] "C:/users/selene.fregosi/documents/github/cruise-maps-live/outputs/summaryTable_2017_leg00_OES.png"
[1] "C:/users/selene.fregosi/documents/github/cruise-maps-live/outputs/table_archive/summaryTable_2017_leg00_OES_2023-07-04.png"
   saved outputs/summaryTable_2017_leg00_OES.png 
   saved outputs/table_archive/summaryTable_2017_leg00_OES_2023-07-04.png 
   saved outputs/dailyMap_2017_leg00_OES.png 
   saved outputs/map_archive/dailyMap_2017_leg00_OES_2023-07-04.png 
   saved outputs/dailyMap_2017_leg00_OES.pdf 
   saved outputs/map_archive/dailyMap_2017_leg00_OES_2023-07-04.pdf 
...run complete 2023-07-04 11:58:03 PDT ...

...run started 2023-07-04 11:59:34 PDT ...
 dir_wd = C:/users/selene.fregosi/documents/github/cruise-maps-live/ 

...run started 2023-07-04 12:02:20 PDT ...
 dir_wd = C:/users/selene.fregosi/documents/github/cruise-maps-live/ 
 Processing 0 new das files:
  DASALL.731 
   saved outputs/data_snapshots/newEffortTracks_2017_leg00_OES_2023-07-04.Rda 
   saved outputs/compiledEffortTracks_2017_leg00_OES as .Rda and .csv
   saved outputs/data_snapshots/newEffortPoints_2017_leg00_OES_2023-07-04.Rda 
   saved outputs/compiledEffortPoints_2017_leg00_OES as .Rda and .csv
   saved outputs/data_snapshots/newSightings_2017_leg00_OES_2023-07-04.Rda 
   saved outputs/compiledSightings_2017_leg00_OES as .Rda and .csv
   saved outputs/summaryTable_2017.Rda 
   saved outputs/summaryTable_2017_leg00_OES.png 
   saved outputs/table_archive/summaryTable_2017_leg00_OES_2023-07-04.png 
   saved outputs/dailyMap_2017_leg00_OES.png 
   saved outputs/map_archive/dailyMap_2017_leg00_OES_2023-07-04.png 
   saved outputs/dailyMap_2017_leg00_OES.pdf 
   saved outputs/map_archive/dailyMap_2017_leg00_OES_2023-07-04.pdf 
...run complete 2023-07-04 12:02:54 PDT ...

...run started 2023-07-04 12:13:37 PDT ...
 dir_wd = C:/users/selene.fregosi/documents/github/cruise-maps-live/ 
 Processing 0 new das files:
  DASALL.731 
   saved outputs/data_snapshots/newEffortTracks_2017_leg00_OES_2023-07-04.Rda 
   saved outputs/compiledEffortTracks_2017_leg00_OES as .Rda and .csv
   saved outputs/data_snapshots/newEffortPoints_2017_leg00_OES_2023-07-04.Rda 
   saved outputs/compiledEffortPoints_2017_leg00_OES as .Rda and .csv
   saved outputs/data_snapshots/newSightings_2017_leg00_OES_2023-07-04.Rda 
   saved outputs/compiledSightings_2017_leg00_OES as .Rda and .csv
   saved outputs/summaryTable_2017.Rda 
   saved outputs/summaryTable_2017_leg00_OES.png 
   saved outputs/table_archive/summaryTable_2017_leg00_OES_2023-07-04.png 
   saved outputs/dailyMap_2017_leg00_OES.png 
   saved outputs/map_archive/dailyMap_2017_leg00_OES_2023-07-04.png 
   saved outputs/dailyMap_2017_leg00_OES.pdf 
   saved outputs/map_archive/dailyMap_2017_leg00_OES_2023-07-04.pdf 
...run complete 2023-07-04 12:14:17 PDT ...
