
...run started 2023-07-05 16:43:42 PDT ...
 dir_wd = C:/users/selene.fregosi/documents/github/cruise-maps-live 
[1] 2
 Processing 0 new das files:
  NA 

...run started 2023-07-05 16:44:34 PDT ...
 dir_wd = C:/users/selene.fregosi/documents/github/cruise-maps-live 
[1] 2
 Processing 3 new das files:
  DASALL.730 
   saved data/snapshots/ newEffortTracks_2017_leg00_OES_DASALL.730_2023-07-05.Rda 
   saved compiledEffortTracks_2017_leg00_OES.Rda and as .csv
   saved data/snapshots/ newEffortPoints_2017_leg00_OES_DASALL.730_2023-07-05.Rda 
   saved compiledEffortPoints_2017_leg00_OES.Rda and as .csv
   saved data/snapshots/ newSightings_2017_leg00_OES_DASALL.730_2023-07-05.Rda 
   saved compiledSightings_2017_leg00_OES.Rda and as .csv
  DASALL.729 
   saved data/snapshots/ newEffortTracks_2017_leg00_OES_DASALL.729_2023-07-05.Rda 
   saved compiledEffortTracks_2017_leg00_OES.Rda and as .csv
   saved data/snapshots/ newEffortPoints_2017_leg00_OES_DASALL.729_2023-07-05.Rda 
   saved compiledEffortPoints_2017_leg00_OES.Rda and as .csv
   saved data/snapshots/ newSightings_2017_leg00_OES_DASALL.729_2023-07-05.Rda 
   saved compiledSightings_2017_leg00_OES.Rda and as .csv
  DASALL.731 
   saved data/snapshots/ newEffortTracks_2017_leg00_OES_DASALL.731_2023-07-05.Rda 
   saved compiledEffortTracks_2017_leg00_OES.Rda and as .csv
   saved data/snapshots/ newEffortPoints_2017_leg00_OES_DASALL.731_2023-07-05.Rda 
   saved compiledEffortPoints_2017_leg00_OES.Rda and as .csv
   saved data/snapshots/ newSightings_2017_leg00_OES_DASALL.731_2023-07-05.Rda 
   saved compiledSightings_2017_leg00_OES.Rda and as .csv
 Skipping acoustic detections...
 Updating summary table:
   saved summaryTable_2017.Rda 
[1] "C:/users/selene.fregosi/documents/github/cruise-maps-live/outputs/summaryTable_2017_leg00_OES.png"
   saved summaryTable_2017_leg00_OES.png 
[1] "C:/users/selene.fregosi/documents/github/cruise-maps-live/outputs/table_archive/summaryTable_2017_leg00_OES_2023-07-05.png"
   saved table_archive/ summaryTable_2017_leg00_OES_2023-07-05.png 
 Generating latest map:
   saved dailyMap_2017_leg00_OES as .png and .pdf
   saved map_archive/ dailyMap_2017_leg00_OES_2023-07-05 as .png and .pdf

...run started 2023-07-05 16:48:02 PDT ...
 dir_wd = C:/users/selene.fregosi/documents/github/cruise-maps-live 
[1] 2
 Processing 0 new das files:
  DASALL.731 
   saved data/snapshots/ newEffortTracks_2017_leg00_OES_DASALL.731_2023-07-05.Rda 
   saved compiledEffortTracks_2017_leg00_OES.Rda and as .csv
   saved data/snapshots/ newEffortPoints_2017_leg00_OES_DASALL.731_2023-07-05.Rda 
   saved compiledEffortPoints_2017_leg00_OES.Rda and as .csv
   saved data/snapshots/ newSightings_2017_leg00_OES_DASALL.731_2023-07-05.Rda 
   saved compiledSightings_2017_leg00_OES.Rda and as .csv
 Skipping acoustic detections...
 Updating summary table:
   saved summaryTable_2017.Rda 
[1] "C:/users/selene.fregosi/documents/github/cruise-maps-live/outputs/summaryTable_2017_leg00_OES.png"
   saved summaryTable_2017_leg00_OES.png 
[1] "C:/users/selene.fregosi/documents/github/cruise-maps-live/outputs/table_archive/summaryTable_2017_leg00_OES_2023-07-05.png"
   saved table_archive/ summaryTable_2017_leg00_OES_2023-07-05.png 
 Generating latest map:
   saved dailyMap_2017_leg00_OES as .png and .pdf
   saved map_archive/ dailyMap_2017_leg00_OES_2023-07-05 as .png and .pdf

...run started 2023-07-05 16:51:13 PDT ...
 dir_wd = C:/users/selene.fregosi/documents/github/cruise-maps-live 
[1] 2
 Processing 0 new das files:
  DASALL.731 
   saved data/snapshots/ newEffortTracks_2017_leg00_OES_DASALL.731_2023-07-05.Rda 
   saved compiledEffortTracks_2017_leg00_OES.Rda and as .csv
   saved data/snapshots/ newEffortPoints_2017_leg00_OES_DASALL.731_2023-07-05.Rda 
   saved compiledEffortPoints_2017_leg00_OES.Rda and as .csv
   saved data/snapshots/ newSightings_2017_leg00_OES_DASALL.731_2023-07-05.Rda 
   saved compiledSightings_2017_leg00_OES.Rda and as .csv
 Skipping acoustic detections...
 Updating summary table:
   saved summaryTable_2017.Rda 
[1] "C:/users/selene.fregosi/documents/github/cruise-maps-live/outputs/summaryTable_2017_leg00_OES.png"
   saved summaryTable_2017_leg00_OES.png 
[1] "C:/users/selene.fregosi/documents/github/cruise-maps-live/outputs/table_archive/summaryTable_2017_leg00_OES_2023-07-05.png"
   saved table_archive/ summaryTable_2017_leg00_OES_2023-07-05.png 
 Generating latest map:
   saved dailyMap_2017_leg00_OES as .png and .pdf
   saved map_archive/ dailyMap_2017_leg00_OES_2023-07-05 as .png and .pdf
...run complete 2023-07-05 16:52:05 PDT ...

...run started 2023-07-05 18:22:04 PDT ...
 dir_wd = C:/users/selene.fregosi/documents/github/cruise-maps-live 
 Processing 0 new das files:
  DASALL.731 
   saved data/snapshots/ newEffortTracks_2017_leg00_OES_DASALL.731_2023-07-05.Rda 
   saved compiledEffortTracks_2017_leg00_OES.Rda and as .csv
   saved data/snapshots/ newEffortPoints_2017_leg00_OES_DASALL.731_2023-07-05.Rda 
   saved compiledEffortPoints_2017_leg00_OES.Rda and as .csv
   saved data/snapshots/ newSightings_2017_leg00_OES_DASALL.731_2023-07-05.Rda 
   saved compiledSightings_2017_leg00_OES.Rda and as .csv
 Skipping acoustic detections...
 Updating summary table:
   saved summaryTable_2017.Rda 
   saved summaryTable_2017_leg00_OES.png 
   saved table_archive/ summaryTable_2017_leg00_OES_2023-07-05.png 
 Generating latest map:
   saved dailyMap_2017_leg00_OES as .png and .pdf
   saved map_archive/ dailyMap_2017_leg00_OES_2023-07-05 as .png and .pdf
...run complete 2023-07-05 18:23:00 PDT ...

...run started 2023-07-05 18:34:04 PDT ...
 dir_wd = C:/users/selene.fregosi/documents/github/cruise-maps-live 
