
run started 2023-05-16 20:46:59 PDT ...
run complete 2023-05-16 20:46:59 PDT 

run started 2023-05-16 20:47:21 PDT ...
run complete 2023-05-16 20:47:21 PDT 
Warning messages:
1: package 'googledrive' was built under R version 4.2.3 
2: package 'swfscDAS' was built under R version 4.2.3 
3: package 'flextable' was built under R version 4.2.3 

run started 2023-05-16 20:47:57 PDT ...
! Using an auto-discovered, cached token.
  To suppress this message, modify your code or options to clearly consent to the use of a cached token.
  See gargle's "Non-interactive auth" vignette for more details:
  <https://gargle.r-lib.org/articles/non-interactive-auth.html>
ℹ The googledrive package is using a cached token for 'selene.fregosi@noaa.gov'.
run complete 2023-05-16 20:47:57 PDT 
Warning messages:
1: package 'googledrive' was built under R version 4.2.3 
2: package 'swfscDAS' was built under R version 4.2.3 
3: package 'flextable' was built under R version 4.2.3 

run started 2023-05-16 20:48:40 PDT ...
! Using an auto-discovered, cached token.
  To suppress this message, modify your code or options to clearly consent to the use of a cached token.
  See gargle's "Non-interactive auth" vignette for more details:
  <https://gargle.r-lib.org/articles/non-interactive-auth.html>
ℹ The googledrive package is using a cached token for 'selene.fregosi@noaa.gov'.
run complete 2023-05-16 20:48:40 PDT 
Warning messages:
1: package 'googledrive' was built under R version 4.2.3 
2: package 'swfscDAS' was built under R version 4.2.3 
3: package 'flextable' was built under R version 4.2.3 

run started 2023-05-16 20:50:36 PDT ...
! Using an auto-discovered, cached token.
  To suppress this message, modify your code or options to clearly consent to the use of a cached token.
  See gargle's "Non-interactive auth" vignette for more details:
  <https://gargle.r-lib.org/articles/non-interactive-auth.html>
ℹ The googledrive package is using a cached token for 'selene.fregosi@noaa.gov'.
run complete 2023-05-16 20:50:37 PDT 
Warning messages:
1: package 'googledrive' was built under R version 4.2.3 
2: package 'swfscDAS' was built under R version 4.2.3 
3: package 'flextable' was built under R version 4.2.3 

run started 2023-05-16 20:51:31 PDT ...
! Using an auto-discovered, cached token.
  To suppress this message, modify your code or options to clearly consent to the use of a cached token.
  See gargle's "Non-interactive auth" vignette for more details:
  <https://gargle.r-lib.org/articles/non-interactive-auth.html>
ℹ The googledrive package is using a cached token for 'selene.fregosi@noaa.gov'.
Auto-refreshing stale OAuth token.
run complete 2023-05-16 20:51:35 PDT 
Warning messages:
1: package 'googledrive' was built under R version 4.2.3 
2: package 'swfscDAS' was built under R version 4.2.3 
3: package 'flextable' was built under R version 4.2.3 

run started 2023-05-16 20:52:19 PDT ...
! Using an auto-discovered, cached token.
  To suppress this message, modify your code or options to clearly consent to the use of a cached token.
  See gargle's "Non-interactive auth" vignette for more details:
  <https://gargle.r-lib.org/articles/non-interactive-auth.html>
ℹ The googledrive package is using a cached token for 'selene.fregosi@noaa.gov'.
run complete 2023-05-16 20:52:22 PDT 
Warning messages:
1: package 'googledrive' was built under R version 4.2.3 
2: package 'swfscDAS' was built under R version 4.2.3 
3: package 'flextable' was built under R version 4.2.3 

run started 2023-05-16 20:53:21 PDT ...
run complete 2023-05-16 20:53:23 PDT 

run started 2023-05-16 20:54:03 PDT ...
run complete 2023-05-16 20:54:05 PDT 

run started 2023-05-16 20:55:00 PDT ...
run complete 2023-05-16 20:55:02 PDT 

run started 2023-05-16 20:56:12 PDT ...
run complete 2023-05-16 20:56:15 PDT 

run started 2023-05-16 20:57:13 PDT ...
run complete 2023-05-16 20:57:15 PDT 

run started 2023-05-16 20:59:01 PDT ...
run complete 2023-05-16 20:59:03 PDT 

run started 2023-05-16 20:59:34 PDT ...

1: selene.fregosi@noaa.gov

integer(0)
[1] 2
run complete 2023-05-16 20:59:37 PDT 

run started 2023-05-16 21:00:31 PDT ...

run started 2023-05-16 21:00:56 PDT ...
run complete 2023-05-16 21:00:59 PDT 

run started 2023-05-16 21:01:33 PDT ...

1: selene.fregosi@noaa.gov


run started 2023-05-16 21:02:11 PDT ...
run complete 2023-05-16 21:02:15 PDT 

run started 2023-05-16 21:03:41 PDT ...
Cruise numbers: 
1706 <NA> 
   1    0 
run complete 2023-05-16 21:03:52 PDT 

run started 2023-05-16 21:05:50 PDT ...
Cruise numbers: 
1706 <NA> 
   1    0 
saved outputs/compiledEffortTracks_2017_leg00_OES 
run complete 2023-05-16 21:06:00 PDT 

run started 2023-05-16 21:06:39 PDT ...
Cruise numbers: 
1706 <NA> 
   1    0 
saved outputs/compiledEffortTracks_2017_leg00_OES 
Cruise numbers: 
1706 <NA> 
   1    0 
saved outputs/compiledEffortPoints_2017_leg00_OES 
run complete 2023-05-16 21:06:53 PDT 

run started 2023-05-16 21:11:17 PDT ...
Cruise numbers: 
1706 <NA> 
   1    0 
saved outputs/compiledEffortTracks_2017_leg00_OES 
Cruise numbers: 
1706 <NA> 
   1    0 
saved outputs/compiledEffortPoints_2017_leg00_OES 
Cruise numbers: 
1706 <NA> 
   1    0 
saved outputs/compiledSightings_2017_leg00_OES 
run complete 2023-05-16 21:11:33 PDT 

run started 2023-05-16 21:13:02 PDT ...
Cruise numbers: 
1706 <NA> 
   1    0 
saved outputs/compiledEffortTracks_2017_leg00_OES 

...
run started 2023-05-16 21:14:30 PDT ...
Cruise numbers: 
1706 <NA> 
   1    0 
saved outputs/compiledEffortTracks_2017_leg00_OES 
saved outputs/compiledEffortPoints_2017_leg00_OES 
saved outputs/compiledSightings_2017_leg00_OES 
run complete 2023-05-16 21:14:43 PDT 
