
...run started 2023-10-04 08:02:12 PDT ...
 dir_wd = C:/users/selene.fregosi/documents/github/cruise-maps-live 
 Processing 1 new das files:
  DASALL.A03 
   saved newEffortTracks_OES2303_leg3_DASALL.A03_ran2023-10-04.Rda 
   saved compiledEffortTracks_OES2303.Rda and as .csv
   saved effortTracks_OES2303_leg3_DASALL.A03.gpx 
   saved compiledEffortTracks_OES2303.gpx 
   saved newEffortPoints_OES2303_leg3_DASALL.A03_ran2023-10-04.Rda 
   saved compiledEffortPoints_OES2303.Rda and as .csv
   saved newSightings_OES2303_leg3_DASALL.A03_ran2023-10-04.Rda 
   saved compiledSightings_OES2303.Rda and as .csv
 No new acoustic file to process.
 Updating summary table:
   saved summaryTable.Rda 
   saved summaryTable.png 
   saved summaryTable_OES2303_leg3_ran2023-10-04.png 
 Generating latest map of visual sightings:
   saved dailyMap_visuals as .png and .pdf
   saved summaryTable_OES2303_leg3_ran2023-10-04.png and as .csv
   saved dailyMap_visuals_CL as .png and .pdf
   saved dailyMap_visuals_OES2303_leg3_ran2023-10-04 as .png and .pdf
 No new acoustic file, skipping acoustic detections map...
...run complete 2023-10-04 08:03:40 PDT ...

...run started 2023-10-04 16:02:52 PDT ...
 dir_wd = C:/users/selene.fregosi/documents/github/cruise-maps-live 
 No new das files to process. Proceeding to acoustics...
 Processing updated acoustic database.
   saved acousticDetections_OES2303_leg3_ran2023-10-04.Rda 

...run started 2023-10-04 16:08:30 PDT ...
 dir_wd = C:/users/selene.fregosi/documents/github/cruise-maps-live 
 No new das or acoustic files to process. Exiting.
...run complete 2023-10-04 16:08:34 PDT ...

...run started 2023-10-04 16:09:12 PDT ...
 dir_wd = C:/users/selene.fregosi/documents/github/cruise-maps-live 
[1] TRUE
 No new das files to process. Proceeding to acoustics...
 Processing updated acoustic database.
 Processing updated acoustic database.
   saved acousticDetections_OES2303_leg3_ran2023-10-04.Rda 
 Processing updated acoustic database.
   saved acousticDetections_OES2303_leg3_ran2023-10-04.Rda 
[1] TRUE
[1] FALSE
[1] FALSE
[1] "C:/users/selene.fregosi/documents/github/cruise-maps-live/outputs/dasList_OES2303.Rda"

...run started 2023-10-04 16:14:03 PDT ...
 dir_wd = C:/users/selene.fregosi/documents/github/cruise-maps-live 
[1] FALSE
 Processing 1 new das files:
  DASALL.A03 
   saved newEffortTracks_OES2303_leg3_DASALL.A03_ran2023-10-04.Rda 
   saved compiledEffortTracks_OES2303.Rda and as .csv
   saved effortTracks_OES2303_leg3_DASALL.A03.gpx 
   saved compiledEffortTracks_OES2303.gpx 
   saved newEffortPoints_OES2303_leg3_DASALL.A03_ran2023-10-04.Rda 
   saved compiledEffortPoints_OES2303.Rda and as .csv
   saved newSightings_OES2303_leg3_DASALL.A03_ran2023-10-04.Rda 
   saved compiledSightings_OES2303.Rda and as .csv
 No new acoustic file to process.
 Processing updated acoustic database.
   saved acousticDetections_OES2303_leg3_ran2023-10-04.Rda 
   saved compiledDetections_OES2303.Rda and as .csv
 Updating summary table:
   saved summaryTable.Rda 
   saved summaryTable.png 
   saved summaryTable_OES2303_leg3_ran2023-10-04.png 
 Generating latest map of visual sightings:
   saved dailyMap_visuals as .png and .pdf
   saved summaryTable_OES2303_leg3_ran2023-10-04.png and as .csv
   saved dailyMap_visuals_CL as .png and .pdf
   saved dailyMap_visuals_OES2303_leg3_ran2023-10-04 as .png and .pdf
 Generating latest map of acoustic detections:
   saved dailyMap_acoustics as .png and .pdf
   saved dailyMap_acoustics_OES2303_leg3_ran2023-10-04 as .png and .pdf
...run complete 2023-10-04 16:18:57 PDT ...
