
...run started 2023-09-16 08:02:09 PDT ...
 dir_wd = C:/users/selene.fregosi/documents/github/cruise-maps-live 
 Processing 1 new das files:
  DASCHECK.915 

...run started 2023-09-16 14:26:08 PDT ...
 dir_wd = C:/users/selene.fregosi/documents/github/cruise-maps-live 
 Processing 2 new das files:
  DASALL.914 
   saved newEffortTracks_OES2303_leg3_DASALL.914_ran2023-09-16.Rda 
   saved compiledEffortTracks_OES2303.Rda and as .csv
   saved effortTracks_OES2303_leg3_DASALL.914.gpx 
   saved compiledEffortTracks_OES2303.gpx 
   saved newEffortPoints_OES2303_leg3_DASALL.914_ran2023-09-16.Rda 
   saved compiledEffortPoints_OES2303.Rda and as .csv
   saved newSightings_OES2303_leg3_DASALL.914_ran2023-09-16.Rda 
   saved compiledSightings_OES2303.Rda and as .csv
  DASCHECK.915 

...run started 2023-09-16 14:31:23 PDT ...
 dir_wd = C:/users/selene.fregosi/documents/github/cruise-maps-live 
 Processing 1 new das files:
  DASALL.914 
   saved newEffortTracks_OES2303_leg3_DASALL.914_ran2023-09-16.Rda 
   saved compiledEffortTracks_OES2303.Rda and as .csv
   saved effortTracks_OES2303_leg3_DASALL.914.gpx 
   saved compiledEffortTracks_OES2303.gpx 
   saved newEffortPoints_OES2303_leg3_DASALL.914_ran2023-09-16.Rda 
   saved compiledEffortPoints_OES2303.Rda and as .csv
   saved newSightings_OES2303_leg3_DASALL.914_ran2023-09-16.Rda 
   saved compiledSightings_OES2303.Rda and as .csv
 No new acoustic file to process.
 Updating summary table:
   saved summaryTable.Rda 
   saved summaryTable.png 
   saved summaryTable_OES2303_leg3_ran2023-09-16.png 
 Generating latest map of visual sightings:
   saved dailyMap_visuals as .png and .pdf
   saved summaryTable_OES2303_leg3_ran2023-09-16.png and as .csv
   saved dailyMap_visuals_CL as .png and .pdf
   saved dailyMap_visuals_OES2303_leg3_ran2023-09-16 as .png and .pdf
 No new acoustic file, skipping acoustic detections map...
...run complete 2023-09-16 14:32:42 PDT ...
