
...run started 2023-10-02 08:02:10 PDT ...
 dir_wd = C:/users/selene.fregosi/documents/github/cruise-maps-live 
 Processing 1 new das files:
  DASALL.A01 
   saved newEffortTracks_OES2303_leg3_DASALL.A01_ran2023-10-02.Rda 
   saved compiledEffortTracks_OES2303.Rda and as .csv
   saved effortTracks_OES2303_leg3_DASALL.A01.gpx 
   saved compiledEffortTracks_OES2303.gpx 
   saved newEffortPoints_OES2303_leg3_DASALL.A01_ran2023-10-02.Rda 
   saved compiledEffortPoints_OES2303.Rda and as .csv
   saved newSightings_OES2303_leg3_DASALL.A01_ran2023-10-02.Rda 
   saved compiledSightings_OES2303.Rda and as .csv
 No new acoustic file to process.
 Updating summary table:
   saved summaryTable.Rda 
   saved summaryTable.png 
   saved summaryTable_OES2303_leg3_ran2023-10-02.png 
 Generating latest map of visual sightings:
   saved dailyMap_visuals as .png and .pdf
   saved summaryTable_OES2303_leg3_ran2023-10-02.png and as .csv
   saved dailyMap_visuals_CL as .png and .pdf
   saved dailyMap_visuals_OES2303_leg3_ran2023-10-02 as .png and .pdf
 No new acoustic file, skipping acoustic detections map...
...run complete 2023-10-02 08:03:28 PDT ...
